CLIENT_HANDSHAKE_TRAFFIC_SECRET ea01f98ad30d23086548c7b41656c7bea36df5306e30108832c8d17b2eba28b3 787f06178f6ad63d493747acc3613472dac400f5af8b526601ab7e8f2f645a7c
SERVER_HANDSHAKE_TRAFFIC_SECRET ea01f98ad30d23086548c7b41656c7bea36df5306e30108832c8d17b2eba28b3 5aa4ee31bd2986d2c2c8945282af32ae6671d828952e4faaa14054243826af52
CLIENT_TRAFFIC_SECRET_0 ea01f98ad30d23086548c7b41656c7bea36df5306e30108832c8d17b2eba28b3 aad92e54676d08978f2cba57afaa9481aeb335e504cd60c24bd1bc9c5f4bab01
SERVER_TRAFFIC_SECRET_0 ea01f98ad30d23086548c7b41656c7bea36df5306e30108832c8d17b2eba28b3 497e1b2150c6d6caa4a21262b87fdb9e4f5c5e170887502de5d16c4b3103ce5e
EXPORTER_SECRET ea01f98ad30d23086548c7b41656c7bea36df5306e30108832c8d17b2eba28b3 abe8d52db6a0064e34f5b1d9b18a4e6de4f4df9e8ef64da6e0f21d2fa310de4c
CLIENT_HANDSHAKE_TRAFFIC_SECRET 7e8b7b19d188339ac82a57d37351c6a8114360cce66afa56e37386822956180b d281721830b7beed6c2436bf885bb0bc80b642782c9b5f631772fd731d40dbbf
SERVER_HANDSHAKE_TRAFFIC_SECRET 7e8b7b19d188339ac82a57d37351c6a8114360cce66afa56e37386822956180b 63a5835d968381eb832ac376dd26aa53c47734917a455ee9c791f7a39f27ccba
CLIENT_TRAFFIC_SECRET_0 7e8b7b19d188339ac82a57d37351c6a8114360cce66afa56e37386822956180b 27ed098d406b6ec26b23488e808b484ed147ee1f2c51a900fdd0592a8f32d835
SERVER_TRAFFIC_SECRET_0 7e8b7b19d188339ac82a57d37351c6a8114360cce66afa56e37386822956180b 42f1563ee72665458ef570182f75e69ee89b430c7bd4285323a99c774547608d
EXPORTER_SECRET 7e8b7b19d188339ac82a57d37351c6a8114360cce66afa56e37386822956180b 404510dc068acdfaf54c4686b80339bba560c79cf0aa65751eb66223dfd1431d
CLIENT_HANDSHAKE_TRAFFIC_SECRET 511e164cba3791d8006b05aa72bde8f415483cfafea1ea76c807270b95d141cc df17d017e0b00b8880fa3c4fa0071d5a285802af37d6e41e51b5f156b0dbbd7e
SERVER_HANDSHAKE_TRAFFIC_SECRET 511e164cba3791d8006b05aa72bde8f415483cfafea1ea76c807270b95d141cc e863acfba287e565e13c89d9794ecb529ea4ba5bc2a6c1d3d8371f9023993280
CLIENT_TRAFFIC_SECRET_0 511e164cba3791d8006b05aa72bde8f415483cfafea1ea76c807270b95d141cc 2ccc0ef40adaf43d7492e09e3ac6c6269680f46f8dafce7ffdb7ee2651b57ea0
SERVER_TRAFFIC_SECRET_0 511e164cba3791d8006b05aa72bde8f415483cfafea1ea76c807270b95d141cc ce6ba72fcd60b3fce141fc34b38deef534053d8c21df324fc5507d08eae37011
EXPORTER_SECRET 511e164cba3791d8006b05aa72bde8f415483cfafea1ea76c807270b95d141cc 0dafdfb9ebb039db4da390a021d8b30e3fa8b3b74c235eaa0002060bdaf3633e
CLIENT_HANDSHAKE_TRAFFIC_SECRET c197452c38b221f9cf36ca8c511cdf50376c080f01317bc64df1d632e5cba8d4 70a62b2d28f85e2d8ebc8254d07d0e9a475508ab87052f7360430b61193c410a
SERVER_HANDSHAKE_TRAFFIC_SECRET c197452c38b221f9cf36ca8c511cdf50376c080f01317bc64df1d632e5cba8d4 55f1ca623ec941969ce048b80ac29b6081125033486ed820e7e1fd8dee97022e
CLIENT_TRAFFIC_SECRET_0 c197452c38b221f9cf36ca8c511cdf50376c080f01317bc64df1d632e5cba8d4 27a05381e608a600220123e1f78ebc083ea9ab3d292a1a3bcee016b1f9626cc8
SERVER_TRAFFIC_SECRET_0 c197452c38b221f9cf36ca8c511cdf50376c080f01317bc64df1d632e5cba8d4 9d5c607322f1ed90d2729b3a4bb26c417e78e933634e04f38814561513fe83fe
EXPORTER_SECRET c197452c38b221f9cf36ca8c511cdf50376c080f01317bc64df1d632e5cba8d4 6471dd046a544c47614490f1cba33d6c298dbd2ab2f48c2a0d509a5a3df7112b
CLIENT_HANDSHAKE_TRAFFIC_SECRET d037867bc9cb94380e6dcf92055e0f3f217b4eb33dfd50114ff5c69a291dc59d a618988c29cdcd2735d6a95f311b3d3e3184c0b02a61d30e937e5df1cd59d08d
SERVER_HANDSHAKE_TRAFFIC_SECRET d037867bc9cb94380e6dcf92055e0f3f217b4eb33dfd50114ff5c69a291dc59d 1cae511171a3a62c698490efeef5998dfeef436844894000641f002be4c349bf
CLIENT_TRAFFIC_SECRET_0 d037867bc9cb94380e6dcf92055e0f3f217b4eb33dfd50114ff5c69a291dc59d 4355b9c10926d7780127163d1f8e0a861d072cef78be25b1f8ae89a091dc58cf
SERVER_TRAFFIC_SECRET_0 d037867bc9cb94380e6dcf92055e0f3f217b4eb33dfd50114ff5c69a291dc59d 8500312984e31374b3a63b27bf8b7feef8e11b78e0ebf8a720d91eb588d49bc5
EXPORTER_SECRET d037867bc9cb94380e6dcf92055e0f3f217b4eb33dfd50114ff5c69a291dc59d cb389fe9a075333c99839935bfd362a72a46ad8f2ecec2c51a539bede6cc886c
CLIENT_HANDSHAKE_TRAFFIC_SECRET fc1a01dec0f1da7ffb6f5dc54b144621d43ad512ceef2b68414e7dbf2d0bde1c 9146d8bf3a9f9486386942078feaf2df11846c655d7892f3771700b380ddd122
SERVER_HANDSHAKE_TRAFFIC_SECRET fc1a01dec0f1da7ffb6f5dc54b144621d43ad512ceef2b68414e7dbf2d0bde1c cc5252a5c8e84408c2cdc3ccc792fc14cb7fe8d40e636a19d523acc9f4035c99
CLIENT_TRAFFIC_SECRET_0 fc1a01dec0f1da7ffb6f5dc54b144621d43ad512ceef2b68414e7dbf2d0bde1c cf52646970038153e3e10fa59fc554005271ccf0d31dbf78f7142f9b14793cfd
SERVER_TRAFFIC_SECRET_0 fc1a01dec0f1da7ffb6f5dc54b144621d43ad512ceef2b68414e7dbf2d0bde1c b50a6e686c3d03c97db3fbc4c2e303ffaa1aeaf5848cf5d9bfef8c2f7c3db172
EXPORTER_SECRET fc1a01dec0f1da7ffb6f5dc54b144621d43ad512ceef2b68414e7dbf2d0bde1c 9964a3222dfeba01f19a7f37fa3d45a781e74825ff2cfa2a3567903f819f1f09
CLIENT_HANDSHAKE_TRAFFIC_SECRET 4519f274f49eca1c37e24f757849bb2f809434f624e5118bdf3d58154ea8d4ff c2a4d92e28139eb739fa3d2a68b4c17e5ca927ff40fb9e37b02dd953e71e6691
SERVER_HANDSHAKE_TRAFFIC_SECRET 4519f274f49eca1c37e24f757849bb2f809434f624e5118bdf3d58154ea8d4ff 6062b4e7f7d17a40b5fac8b59b0c81ca73adc28c45c156e11f56bae7adbb9b34
CLIENT_TRAFFIC_SECRET_0 4519f274f49eca1c37e24f757849bb2f809434f624e5118bdf3d58154ea8d4ff c5ad1d7223709b2b4c2bd13432142daf88b14c99660c8992a677077cc3885301
SERVER_TRAFFIC_SECRET_0 4519f274f49eca1c37e24f757849bb2f809434f624e5118bdf3d58154ea8d4ff 5c4e6dd96a8281626efe4ce83a08cf25609be8c80f936c006e44fc99509533de
EXPORTER_SECRET 4519f274f49eca1c37e24f757849bb2f809434f624e5118bdf3d58154ea8d4ff 40714f58a1a67c79c2cb8904774c3a15819f6daf4ab2ec75c2091572e9495211
CLIENT_HANDSHAKE_TRAFFIC_SECRET 95ae89473943b70aea8aea1aae619c3f249398936e57e7c70d173fdf48b03f15 d88215b8a357c1b258d06ca63789b96b70c04619d874df3f3a0f0c1c62799933
SERVER_HANDSHAKE_TRAFFIC_SECRET 95ae89473943b70aea8aea1aae619c3f249398936e57e7c70d173fdf48b03f15 18fd94909f9df5b0b7a023ba5dea9dd81667f173b06ca0679abd1de8d3fb9d49
CLIENT_TRAFFIC_SECRET_0 95ae89473943b70aea8aea1aae619c3f249398936e57e7c70d173fdf48b03f15 24d760a96b2f3880524cf81f1e8825a3e87525321311b1727529295fde42b82d
SERVER_TRAFFIC_SECRET_0 95ae89473943b70aea8aea1aae619c3f249398936e57e7c70d173fdf48b03f15 0e932e467559c922504e34201345860b80c7e5e95b2330c2151ad46056393a4e
EXPORTER_SECRET 95ae89473943b70aea8aea1aae619c3f249398936e57e7c70d173fdf48b03f15 8fea57d736cb1f900631ce7b7d088f435e961a8e8e78c947fd2721dea807f190
CLIENT_HANDSHAKE_TRAFFIC_SECRET 5fd5c16ae90777cf8674627195012550aedd9f44ae3d935cd448f1f81abc8ead af6aaefca1eae232b7928f3980c2ee20e168dc66099d7a1967a69c1ed144c362
SERVER_HANDSHAKE_TRAFFIC_SECRET 5fd5c16ae90777cf8674627195012550aedd9f44ae3d935cd448f1f81abc8ead b21581bf893161024c646c954a94a19214453087cbdaf594892cb02df84a03a9
CLIENT_TRAFFIC_SECRET_0 5fd5c16ae90777cf8674627195012550aedd9f44ae3d935cd448f1f81abc8ead f8ffba2336d9c30458b4a4028098e5e4aebe312177c6761fb09e43ccab503de7
SERVER_TRAFFIC_SECRET_0 5fd5c16ae90777cf8674627195012550aedd9f44ae3d935cd448f1f81abc8ead f6ff9f8f3a1f0011c59621ab9f01c1700662cbaf1f16aaac849f938404960b90
EXPORTER_SECRET 5fd5c16ae90777cf8674627195012550aedd9f44ae3d935cd448f1f81abc8ead dc7813811d1a1b5f05a3499ae809e4d2a9f4566964f0f44bfa08757bab64cde9
CLIENT_HANDSHAKE_TRAFFIC_SECRET 0910dc2a8a587f10ee71c05384db3fbe1444fd61caf782561e676481210729e4 b3f3fffabb9083ef37bc64e4e5140b0e9e6af48c49e87b8fcf1ccfb6c74d514f
SERVER_HANDSHAKE_TRAFFIC_SECRET 0910dc2a8a587f10ee71c05384db3fbe1444fd61caf782561e676481210729e4 4bd2682011b4d5e548c3da3b6f5018aef84159e63091e0983f2d6be29143d0d3
CLIENT_TRAFFIC_SECRET_0 0910dc2a8a587f10ee71c05384db3fbe1444fd61caf782561e676481210729e4 20a0ba5bfab20d2ec7994a500cbeb3522a9969c3a2ce37e955d549826b91b1f7
SERVER_TRAFFIC_SECRET_0 0910dc2a8a587f10ee71c05384db3fbe1444fd61caf782561e676481210729e4 6f4e4230a025a600c95d7ac2d26427368b9a020f6a187149d7942579d4cb6ce7
EXPORTER_SECRET 0910dc2a8a587f10ee71c05384db3fbe1444fd61caf782561e676481210729e4 2afc6df2d30bc18b42653eac70076d4e185bb3e38a057608e815582d831b56dc
CLIENT_HANDSHAKE_TRAFFIC_SECRET ab580d106cea9b10e0abc754813ec8ba2fc932969835932f7865b9aec06faf58 a93efcb090adfd9e7fa666d74b46a400744d885986e0261dc3434f540439c0d6
SERVER_HANDSHAKE_TRAFFIC_SECRET ab580d106cea9b10e0abc754813ec8ba2fc932969835932f7865b9aec06faf58 e2cb339a64f6a90a5d69d9af98670816b996dd5ed22d835177f75cac64f2dfca
CLIENT_TRAFFIC_SECRET_0 ab580d106cea9b10e0abc754813ec8ba2fc932969835932f7865b9aec06faf58 e201f2c41559ec1c0ccf171e86c01d82bb59dfdf4e939b9696b8e9e1f4e58341
SERVER_TRAFFIC_SECRET_0 ab580d106cea9b10e0abc754813ec8ba2fc932969835932f7865b9aec06faf58 d7570927e6577ffe6c2873091466dfab0e78d7142f2e79b2fad49c33ac13bcad
EXPORTER_SECRET ab580d106cea9b10e0abc754813ec8ba2fc932969835932f7865b9aec06faf58 adfc3db94b5ef2b6677c210a45a40ec6237ae3aa0b0da6a1e9efcd660447cd01
CLIENT_HANDSHAKE_TRAFFIC_SECRET b6d6452a20edde54edbfa0013928b2b3232b2d72e8ba341f38094962ea8a871a 8ae51f741a444ba32f3f9086a61e24c84751828138789777e326e43b27cfff80
SERVER_HANDSHAKE_TRAFFIC_SECRET b6d6452a20edde54edbfa0013928b2b3232b2d72e8ba341f38094962ea8a871a 5e2ca41b1801f93a8f1445f7219e722b47487286d86924acbab3fe03f5f44689
CLIENT_TRAFFIC_SECRET_0 b6d6452a20edde54edbfa0013928b2b3232b2d72e8ba341f38094962ea8a871a fd3bd7c5d0460a9ef6f40204eb5e592b1939af7ae6ce8edd6e2a2b7e21e088dc
SERVER_TRAFFIC_SECRET_0 b6d6452a20edde54edbfa0013928b2b3232b2d72e8ba341f38094962ea8a871a 060d6eb4a1662036ec0645e8c8af5da783397d0f771b924f35c0b70d1c1a5a83
EXPORTER_SECRET b6d6452a20edde54edbfa0013928b2b3232b2d72e8ba341f38094962ea8a871a fc719885940368f19bba086869a4b17f338f09bf944510d4211b1f6c060f5da7
CLIENT_HANDSHAKE_TRAFFIC_SECRET 3f049d54e498c05677d89faaf1b1932002ee431a5c296a27b4bd4dc985049fd5 89ef4bb73acefe2731acef38619fb168182ff5de34937d825a516044049620e8
SERVER_HANDSHAKE_TRAFFIC_SECRET 3f049d54e498c05677d89faaf1b1932002ee431a5c296a27b4bd4dc985049fd5 4395267face71ea5c6928254163c1b62864082b84fb580871549576cc9036474
CLIENT_TRAFFIC_SECRET_0 3f049d54e498c05677d89faaf1b1932002ee431a5c296a27b4bd4dc985049fd5 e52b2cb461194530a5496543f838dbf959ba1937559a442c583eec7425099ec2
SERVER_TRAFFIC_SECRET_0 3f049d54e498c05677d89faaf1b1932002ee431a5c296a27b4bd4dc985049fd5 1abfe920766c10bf5cee2927d14d44acb0eb7e124e731fb5b345dd206f58eeaa
EXPORTER_SECRET 3f049d54e498c05677d89faaf1b1932002ee431a5c296a27b4bd4dc985049fd5 96071724e5b8e716b44f68db740dec3e631b73fa1f3de74762805d37d4126013
CLIENT_HANDSHAKE_TRAFFIC_SECRET ca80b568b77944122460cc069dacb7915feac50038345a92aaa1f19f103f6cf3 41791284b67e3e5f4efa3118b95980e0ebc65391955a20a01dd820ae83b3931c
SERVER_HANDSHAKE_TRAFFIC_SECRET ca80b568b77944122460cc069dacb7915feac50038345a92aaa1f19f103f6cf3 9e3b97665c05d4d2f1a4c8660bc0ff330ff53dc137b3ffa518354c1eec5b767d
CLIENT_TRAFFIC_SECRET_0 ca80b568b77944122460cc069dacb7915feac50038345a92aaa1f19f103f6cf3 911beadd077bcf514541fa160f24f9d3e32af77cee18056976145853ffe1ea33
SERVER_TRAFFIC_SECRET_0 ca80b568b77944122460cc069dacb7915feac50038345a92aaa1f19f103f6cf3 37f9518ae5a72d1f8b7f7c1b35db92069b721583513e1d802b29ac38e7c3aef3
EXPORTER_SECRET ca80b568b77944122460cc069dacb7915feac50038345a92aaa1f19f103f6cf3 f28374807f83423ed1d14d92aea1a202a40b765b75d11441d594b1310b71db43
CLIENT_HANDSHAKE_TRAFFIC_SECRET 9f37f79c2b9061c94a350fc7ed0ba9463ce096c85e3a8d658315ea709df7e8c8 fb403586c122c174cad93427befc20494916cfe51f4dd41f5d6628befabf0d68
SERVER_HANDSHAKE_TRAFFIC_SECRET 9f37f79c2b9061c94a350fc7ed0ba9463ce096c85e3a8d658315ea709df7e8c8 467f6a8396021790e7e5d5ad78fb560d1992faea77891bb89aae2f240df07e3c
CLIENT_TRAFFIC_SECRET_0 9f37f79c2b9061c94a350fc7ed0ba9463ce096c85e3a8d658315ea709df7e8c8 adf2a203d034d30122fd744cf48d3086551ff63357c44d3139d6b4009814cd52
SERVER_TRAFFIC_SECRET_0 9f37f79c2b9061c94a350fc7ed0ba9463ce096c85e3a8d658315ea709df7e8c8 bdd393f0300f2fc796970610c9c9ae34409ccead45f593f5348f69a56414deb3
EXPORTER_SECRET 9f37f79c2b9061c94a350fc7ed0ba9463ce096c85e3a8d658315ea709df7e8c8 a8a3de345a69f13bd69dd8ac94e1cded569aec3320263d3d3c7a9021fba20feb
CLIENT_HANDSHAKE_TRAFFIC_SECRET a93642f16fcad7b13c2e7d6b970b9c27de70a50afcb21bb617dc475967003787 2a860b6bd5ab34f156ca6feb8ab11789fbe41a33435a1197cc67a1ac380aea14
SERVER_HANDSHAKE_TRAFFIC_SECRET a93642f16fcad7b13c2e7d6b970b9c27de70a50afcb21bb617dc475967003787 433e351829e3f34e2f15038301d4c3df8f6be86a2fdf4562c0e619920e332392
CLIENT_TRAFFIC_SECRET_0 a93642f16fcad7b13c2e7d6b970b9c27de70a50afcb21bb617dc475967003787 a64ee8b2e7f9fc7a9bcf4e777018575aa38fa5fe8a12cb30b8e4f1a8f795b2d5
SERVER_TRAFFIC_SECRET_0 a93642f16fcad7b13c2e7d6b970b9c27de70a50afcb21bb617dc475967003787 5f775e7035a42bfcb8f0439e730ea93e26b154cb6e88b5172aeda31575859e06
EXPORTER_SECRET a93642f16fcad7b13c2e7d6b970b9c27de70a50afcb21bb617dc475967003787 8a43fbcc08df7646e05a63297042f8dd2d85f03d08571c0b52fa86d11c702e8f
CLIENT_HANDSHAKE_TRAFFIC_SECRET 900f47a1a03cccdc726cea7c13cd16b7fc234ec15dab715be2f1738d08849246 600d431106a7419a3a68764ebc0a6952e82c9fe7c56328288b42a48e93f0228b
SERVER_HANDSHAKE_TRAFFIC_SECRET 900f47a1a03cccdc726cea7c13cd16b7fc234ec15dab715be2f1738d08849246 c727ab1a24ddaab420111a13a1487132ba62ef382ee3225c8ec9705148f15716
CLIENT_TRAFFIC_SECRET_0 900f47a1a03cccdc726cea7c13cd16b7fc234ec15dab715be2f1738d08849246 c5799e3eb625d10a53f7316c04dc64ffc5e762f7bb2cab9e68264597e784b734
SERVER_TRAFFIC_SECRET_0 900f47a1a03cccdc726cea7c13cd16b7fc234ec15dab715be2f1738d08849246 93539b951a8eedc799ec7db89a7dc8547f92272e826c76f9f4f96af10152efc4
EXPORTER_SECRET 900f47a1a03cccdc726cea7c13cd16b7fc234ec15dab715be2f1738d08849246 3894bb123b849567d675710cdc0ea934853b75a25e57aa2df013f17b7b01ad1f
CLIENT_HANDSHAKE_TRAFFIC_SECRET 2c6fd07b16f672eec54093b96356ce009903368dc00f642f69dba2db27d68b9f 5d024403eb75dc3bf5914c05c837ff8c9a57fd165fecf07ada0354f107ccecc0
SERVER_HANDSHAKE_TRAFFIC_SECRET 2c6fd07b16f672eec54093b96356ce009903368dc00f642f69dba2db27d68b9f ed1db87946b7dea9e037196dc67cd9a604e03e9a80a683d0b2009fd47598fa40
CLIENT_TRAFFIC_SECRET_0 2c6fd07b16f672eec54093b96356ce009903368dc00f642f69dba2db27d68b9f aaa6426c2f4c130e8263fa89b3f60d014f635aeec5c6c304019c92cc6a593029
SERVER_TRAFFIC_SECRET_0 2c6fd07b16f672eec54093b96356ce009903368dc00f642f69dba2db27d68b9f 92549c78b6209e97d6c2338851ca4d779e91bb6c1cb9ff1ffcd9c98547023749
EXPORTER_SECRET 2c6fd07b16f672eec54093b96356ce009903368dc00f642f69dba2db27d68b9f c59b9f4dd26884abfaf21dda81c2737d23fc4aad0f7e42df486d45ac7e87a739
CLIENT_HANDSHAKE_TRAFFIC_SECRET 35379894f43e641378837b9b55caebba991548b7c0081fb3fba615e3d2adc055 c79fddd24ac61d927f73443b5e18e0738380d25b9b60333344472c632448c998
SERVER_HANDSHAKE_TRAFFIC_SECRET 35379894f43e641378837b9b55caebba991548b7c0081fb3fba615e3d2adc055 de32bf9b92de17edd3e1685ac91ef2943ffc13c8fc65f141aa60cc2a9534e2c3
CLIENT_TRAFFIC_SECRET_0 35379894f43e641378837b9b55caebba991548b7c0081fb3fba615e3d2adc055 b0e4281741c7b1386acfcb32f91ed8dc76132dc516703c0848b4e7e35ac8cdaa
SERVER_TRAFFIC_SECRET_0 35379894f43e641378837b9b55caebba991548b7c0081fb3fba615e3d2adc055 9ec59ad2bbc23e8a47ed7532777f808110d367d823eb0b10b155dcc9e910f850
EXPORTER_SECRET 35379894f43e641378837b9b55caebba991548b7c0081fb3fba615e3d2adc055 7c46f655c67fc97bbdf35facd352f82a031310d0561811b60f6cabdab00683e8
CLIENT_HANDSHAKE_TRAFFIC_SECRET d55392baa0ddb76c397437c8cc7e8f0335cc8f25b1198c6f9cbdff56821438ff 66b51f482c6ac5b8319e4d8f7c86cf0d271c918c25d10266b03355f52dd66b92
SERVER_HANDSHAKE_TRAFFIC_SECRET d55392baa0ddb76c397437c8cc7e8f0335cc8f25b1198c6f9cbdff56821438ff bcdda35bc4b345b053774c1230a4d09afaa7ef058964c71f0483685d204f8b98
CLIENT_TRAFFIC_SECRET_0 d55392baa0ddb76c397437c8cc7e8f0335cc8f25b1198c6f9cbdff56821438ff b6a817709d8d7328cd9b903dd4e8c7deb4d83f7fe7f46b59f8d80fc7ebe77c4d
SERVER_TRAFFIC_SECRET_0 d55392baa0ddb76c397437c8cc7e8f0335cc8f25b1198c6f9cbdff56821438ff 4225851499333ea786a0822f9a51803712b726850c88e77017d8683716bbdd5d
EXPORTER_SECRET d55392baa0ddb76c397437c8cc7e8f0335cc8f25b1198c6f9cbdff56821438ff eb1bbe0ba576ca36bfd36cc8aa8cf40228266c7b5cdd322b2b953bc55ad43434
CLIENT_HANDSHAKE_TRAFFIC_SECRET f5a742c4b5dc10bba258f9ba99657495f520b51d4d79b0037c4606791e4f2dc1 34f14ad96adf7ea52f06daf490c027f6286bbe45a5d9b56b087513b621e2989f
SERVER_HANDSHAKE_TRAFFIC_SECRET f5a742c4b5dc10bba258f9ba99657495f520b51d4d79b0037c4606791e4f2dc1 61aa2e64a2450d60153f408c7b36084b0168543b5614e5a5a39b87afb9e59566
CLIENT_TRAFFIC_SECRET_0 f5a742c4b5dc10bba258f9ba99657495f520b51d4d79b0037c4606791e4f2dc1 9ed7cf073956ec235dc3a023f07c2b8474c451e037d103fb57aa70feddf21974
SERVER_TRAFFIC_SECRET_0 f5a742c4b5dc10bba258f9ba99657495f520b51d4d79b0037c4606791e4f2dc1 8aa73b750474aa358f6d261876ef190274b904a2f9941a49d7e09bca2489eb19
EXPORTER_SECRET f5a742c4b5dc10bba258f9ba99657495f520b51d4d79b0037c4606791e4f2dc1 6e0995d3369b12dd7ee7981283d90b95b5b1875dc879c02d29058e7bff707dc4
CLIENT_HANDSHAKE_TRAFFIC_SECRET cc9e65796933f2676acfe398f5409b27aca78213395dbcc25365ae5c2385f69e 5985853fd17c3e4e0e40267eb60f016e33e17198e64b3a2ad9ae2a06b473abc6
SERVER_HANDSHAKE_TRAFFIC_SECRET cc9e65796933f2676acfe398f5409b27aca78213395dbcc25365ae5c2385f69e fc342f98bc225b99f3b4c2f070cbc11af59c570b1d1b651fff768ef845dcb006
CLIENT_TRAFFIC_SECRET_0 cc9e65796933f2676acfe398f5409b27aca78213395dbcc25365ae5c2385f69e b617ab4fc1c18c729e47f6f87902802a9f0be7904276d9a1d3f9e8c2d88ca60c
SERVER_TRAFFIC_SECRET_0 cc9e65796933f2676acfe398f5409b27aca78213395dbcc25365ae5c2385f69e 72d7dceb85005682d56397b28dbd299b63acd57f092a2a26a2538fad4b1da8ab
EXPORTER_SECRET cc9e65796933f2676acfe398f5409b27aca78213395dbcc25365ae5c2385f69e 814b0d5923e673b24baa987a86982bb0b2f2c743aeed0488a00462da09dcdce5
CLIENT_HANDSHAKE_TRAFFIC_SECRET 94eddbcdabbe361654038990df123a08d586e55cbc16a072d381171d87754a0f 404eafaf63a1f37b1d468a37ab681ff1ae7a75a92307eb310a14e843944448c3
SERVER_HANDSHAKE_TRAFFIC_SECRET 94eddbcdabbe361654038990df123a08d586e55cbc16a072d381171d87754a0f 8b6c9db860f56be3cc2d3d5465d90203d8b965fb7238ea37c7f32abbba41e9b6
CLIENT_TRAFFIC_SECRET_0 94eddbcdabbe361654038990df123a08d586e55cbc16a072d381171d87754a0f 489204e1e8f70e597634c58a0c7c6a4fcc7e8a93ae4731834af382985474a37b
SERVER_TRAFFIC_SECRET_0 94eddbcdabbe361654038990df123a08d586e55cbc16a072d381171d87754a0f eaaa33cb9ee81be2bc4e71e140c91894b6e1870c137c61a36f7b696fafdee972
EXPORTER_SECRET 94eddbcdabbe361654038990df123a08d586e55cbc16a072d381171d87754a0f 852da0e226d8f0fa7c3589270d4255d11861f59eab12e92797920701ef3f7230
CLIENT_HANDSHAKE_TRAFFIC_SECRET fa7f9bdd14721d61574b37fa870683d17849702597a445d22e11fb85c8bb8c43 b291578c157bdd538bd462610bd3dc0a9c7b44fdff1785e2b1fc653990aa3123
SERVER_HANDSHAKE_TRAFFIC_SECRET fa7f9bdd14721d61574b37fa870683d17849702597a445d22e11fb85c8bb8c43 35f62fc9ca6ded88dd783faceb9395925454d40c831a4666af001c2fa2b7408a
CLIENT_TRAFFIC_SECRET_0 fa7f9bdd14721d61574b37fa870683d17849702597a445d22e11fb85c8bb8c43 21ab766484228f510f2085a58135d51c9fc7f92ed1a00ed3ac3ef40783a6eeb9
SERVER_TRAFFIC_SECRET_0 fa7f9bdd14721d61574b37fa870683d17849702597a445d22e11fb85c8bb8c43 06017831ef66e7247e08888fc69652b9bc04ffd05869cacd629dd7ebfd07a730
EXPORTER_SECRET fa7f9bdd14721d61574b37fa870683d17849702597a445d22e11fb85c8bb8c43 e6529140ff4d362ee1b8d77129b2c201f09a26671627d174f6eae90a3fcb208c
CLIENT_HANDSHAKE_TRAFFIC_SECRET 8e5898b1c46f1b7d4ec0b5f1dafe514cc0b94d4c4f3be17958c7668f21551e48 b77b5424244ec9f18a9c69f2601abd2a86a1b79ff39a678cccf68ef178d1f628
SERVER_HANDSHAKE_TRAFFIC_SECRET 8e5898b1c46f1b7d4ec0b5f1dafe514cc0b94d4c4f3be17958c7668f21551e48 143056c7fcf7275d58171280d558293e0968020252caea6a7ec232e4a84090da
CLIENT_TRAFFIC_SECRET_0 8e5898b1c46f1b7d4ec0b5f1dafe514cc0b94d4c4f3be17958c7668f21551e48 3f6b575b690b28410b2fa1c2a86d5645baf43498837b15470faf4ff14392521e
SERVER_TRAFFIC_SECRET_0 8e5898b1c46f1b7d4ec0b5f1dafe514cc0b94d4c4f3be17958c7668f21551e48 721cb798571439beae14983964e4f13e2747723db6c7e1ef4f00dbd316fa4996
EXPORTER_SECRET 8e5898b1c46f1b7d4ec0b5f1dafe514cc0b94d4c4f3be17958c7668f21551e48 7e04b9449c3d2be6b663604c77b3f186a18715ce809d976d8dc59deb54bd67ab
CLIENT_HANDSHAKE_TRAFFIC_SECRET 8f6cc8bf8d8f0d23c71ec5ea03bf4ba09fc1a698b8a4677b9a6ea75771801c2c 79341ca5db6a103f606038a2a9c0fb35057b3ca017d8ba862fa5a741b3a5864f
SERVER_HANDSHAKE_TRAFFIC_SECRET 8f6cc8bf8d8f0d23c71ec5ea03bf4ba09fc1a698b8a4677b9a6ea75771801c2c 3a4e983dcbf1a03401ec1beba5697d98e0ca962640a758a493dcc59441a2bcf3
CLIENT_TRAFFIC_SECRET_0 8f6cc8bf8d8f0d23c71ec5ea03bf4ba09fc1a698b8a4677b9a6ea75771801c2c 21eacc2c409989e351188d6b73757a1dd399b7ca39617e2afb37cc466d314f08
SERVER_TRAFFIC_SECRET_0 8f6cc8bf8d8f0d23c71ec5ea03bf4ba09fc1a698b8a4677b9a6ea75771801c2c 9a7beb0fc247bc50ac20b8433ba52c8f84d97f2465d0f04a169081dd0b3791f9
EXPORTER_SECRET 8f6cc8bf8d8f0d23c71ec5ea03bf4ba09fc1a698b8a4677b9a6ea75771801c2c ef825ce79e2b9747d7d9fbba9ef4bba778b1eb07b0811366d170d07893c5382f
CLIENT_HANDSHAKE_TRAFFIC_SECRET da13760ac78832fc045c7d0fc45b092a8a4d7a2e44ed46a323d6a8e885fa09f9 3127116f5d37588798e1db753f65ace90abdd81b6db8d862d97d8e58da6a2203
SERVER_HANDSHAKE_TRAFFIC_SECRET da13760ac78832fc045c7d0fc45b092a8a4d7a2e44ed46a323d6a8e885fa09f9 17859225f5cf55ab8c443028bc4575be7e8cd81520a7a64f7d30137222b15268
CLIENT_TRAFFIC_SECRET_0 da13760ac78832fc045c7d0fc45b092a8a4d7a2e44ed46a323d6a8e885fa09f9 a07abfa447708967c04f33d283322689c03f27be110e8abc66e9d870ba6c29a2
SERVER_TRAFFIC_SECRET_0 da13760ac78832fc045c7d0fc45b092a8a4d7a2e44ed46a323d6a8e885fa09f9 a10d2f26222bf628baf41969fd88138fd66158dc6b56fa6b92e6428e8ea3c853
EXPORTER_SECRET da13760ac78832fc045c7d0fc45b092a8a4d7a2e44ed46a323d6a8e885fa09f9 b7ae29533def4d79362efd78deb58a881f367c7adf647684ab309c50873c9fc8
CLIENT_HANDSHAKE_TRAFFIC_SECRET 1d96ea37bce3ca3ad92dde29b904d2900c538e46019286e78d766bbd1af0eb72 353081f042c8b7b215321f8cacfe9cffffa438ab47b4132b55359c4c265bac2c
SERVER_HANDSHAKE_TRAFFIC_SECRET 1d96ea37bce3ca3ad92dde29b904d2900c538e46019286e78d766bbd1af0eb72 729ba68206ade4fc406fdb3dfd1d8555d763629dc3c68c4935815df0f52af626
CLIENT_TRAFFIC_SECRET_0 1d96ea37bce3ca3ad92dde29b904d2900c538e46019286e78d766bbd1af0eb72 e916374ae91f02789e917b5be3d9ba9c507470fc480634b9dfa5c2b47a79201b
SERVER_TRAFFIC_SECRET_0 1d96ea37bce3ca3ad92dde29b904d2900c538e46019286e78d766bbd1af0eb72 d26fb3a050a13f59a2080ef0ec0bbc96fec3adff03f74058a81b30de6f4095d4
EXPORTER_SECRET 1d96ea37bce3ca3ad92dde29b904d2900c538e46019286e78d766bbd1af0eb72 1701190da5e1e1be96874191c0d5888b18ba2523734e1646cac5e62d0ce5a601
CLIENT_HANDSHAKE_TRAFFIC_SECRET 8de36a5adae0f632e39ac8f65b51544708166c0c4659c2947670d20e5a598022 42560ab7d706f33a6d23c35cb2980f7801308a8d18556b859dd6a175919a7556
SERVER_HANDSHAKE_TRAFFIC_SECRET 8de36a5adae0f632e39ac8f65b51544708166c0c4659c2947670d20e5a598022 003f684b03549ff40ebbb863c5ad092008ef9f063730b0e4a656824231bb3bc1
CLIENT_HANDSHAKE_TRAFFIC_SECRET 1103dca38b001177abf9b2f01877699c74a416a9d4bf56696e3869fb8047e9ce 17f01cef5edc811bdc7e5d37417191751eb55d81ed05f4b4a7c7ef347a47df1b
SERVER_HANDSHAKE_TRAFFIC_SECRET 1103dca38b001177abf9b2f01877699c74a416a9d4bf56696e3869fb8047e9ce 37f5455cb26994bc0c14724afc1eb11a3f598b2f369d3afbe6bd1a23b2d0f116
CLIENT_TRAFFIC_SECRET_0 1103dca38b001177abf9b2f01877699c74a416a9d4bf56696e3869fb8047e9ce ef877a6940a5abc664294a2bd4adc840c8f93418f2290d0a4c6708e7008f9bf8
SERVER_TRAFFIC_SECRET_0 1103dca38b001177abf9b2f01877699c74a416a9d4bf56696e3869fb8047e9ce 702d6ee27940784a020a3b89ffa8b99efb41bcb03e02e8e732443d9b16b8580c
EXPORTER_SECRET 1103dca38b001177abf9b2f01877699c74a416a9d4bf56696e3869fb8047e9ce 3af4f7ef6759930ff3336b4fbcae05e8e3c495c075d015f521cf6bef0ad3c7f2
CLIENT_TRAFFIC_SECRET_0 8de36a5adae0f632e39ac8f65b51544708166c0c4659c2947670d20e5a598022 fa5ff560ce70396107ecc051b08a7f2899d5873401fce0c6ad78714ecf2d6d3f
SERVER_TRAFFIC_SECRET_0 8de36a5adae0f632e39ac8f65b51544708166c0c4659c2947670d20e5a598022 0999f18fc1bb1dd31f009ef7e904310d0eac34cef24d48d69bcee38b5f5c0d60
EXPORTER_SECRET 8de36a5adae0f632e39ac8f65b51544708166c0c4659c2947670d20e5a598022 fff27b606d55438297d0ef8987d8778e44a6f7bc97898212e17165a361eb06c7
CLIENT_HANDSHAKE_TRAFFIC_SECRET a49d3f6461251958d258ceb9f9ecd41a10a0d1cd7baf05ac3dae78901facd847 9e781d91a45e733dfe2c61603f953c3e4f6eb3697a7b543e45209032e3fa5dfb
SERVER_HANDSHAKE_TRAFFIC_SECRET a49d3f6461251958d258ceb9f9ecd41a10a0d1cd7baf05ac3dae78901facd847 7c4c10b6b8ea717b532bb2ab97bbbae443ff752ab2703b5b591374b20f64c367
CLIENT_TRAFFIC_SECRET_0 a49d3f6461251958d258ceb9f9ecd41a10a0d1cd7baf05ac3dae78901facd847 b6a31d0b27a6eb343687bb7183085acf7de4325173610b484ecf36413377f838
SERVER_TRAFFIC_SECRET_0 a49d3f6461251958d258ceb9f9ecd41a10a0d1cd7baf05ac3dae78901facd847 f08f48354b64ce4e679a67381829937fd34846b78215be165dbe191d3814e106
EXPORTER_SECRET a49d3f6461251958d258ceb9f9ecd41a10a0d1cd7baf05ac3dae78901facd847 ad18c1737f978d3daddfd80258e0e11bbe529508a2ac3008e09638aa32185d25
CLIENT_HANDSHAKE_TRAFFIC_SECRET a1df751314188864def55799a967b70e40d5aab524ce27f8090b4f5cda0edd56 ddea3362b412a0fb53375e60bdd850c7a55fb5fbdf181f31e8a30ffc54e1dd13
SERVER_HANDSHAKE_TRAFFIC_SECRET a1df751314188864def55799a967b70e40d5aab524ce27f8090b4f5cda0edd56 a2344bf37b80d78cafde9008a0446e22e8de66607e01bb309d4bccb99fd0527f
CLIENT_TRAFFIC_SECRET_0 a1df751314188864def55799a967b70e40d5aab524ce27f8090b4f5cda0edd56 750071e40724f088aa37edd64146d22ed5ec57f63719dd9b849853dff0f420df
SERVER_TRAFFIC_SECRET_0 a1df751314188864def55799a967b70e40d5aab524ce27f8090b4f5cda0edd56 828f4d617f07fce6dddff9359a134cb7a784d7c38b812ba32490f9401bc930c5
EXPORTER_SECRET a1df751314188864def55799a967b70e40d5aab524ce27f8090b4f5cda0edd56 8f04f83d2e1572fc69d239360ac1159762e8ff5efc682f1da29546a3e1418051
CLIENT_HANDSHAKE_TRAFFIC_SECRET 2ba2613952ac8a32683f86cc3ba953afd9747ba67e45938c2774eb11f34cb4c8 fc9fc11e444908b83f7f63b4c6fe362bb1efcc73fd9017c1b7e01df874227695
SERVER_HANDSHAKE_TRAFFIC_SECRET 2ba2613952ac8a32683f86cc3ba953afd9747ba67e45938c2774eb11f34cb4c8 4e2b4622dbbb2e1edb5ac04563b17476637a79d55c3e1ea980652fe28e893a64
CLIENT_TRAFFIC_SECRET_0 2ba2613952ac8a32683f86cc3ba953afd9747ba67e45938c2774eb11f34cb4c8 acdf6c74dfb3e105bb89ae68787b356f10a22ba9c515429fbf3e7925e3ea6e0e
SERVER_TRAFFIC_SECRET_0 2ba2613952ac8a32683f86cc3ba953afd9747ba67e45938c2774eb11f34cb4c8 433c2ac5eafedb938104e09f62d6c861d38044a298479b367893ba04499d97d0
EXPORTER_SECRET 2ba2613952ac8a32683f86cc3ba953afd9747ba67e45938c2774eb11f34cb4c8 1fb1060d852e4a6ed048150780d10ada6a792145bc7e6ef21b717ecb96e90b9f
CLIENT_HANDSHAKE_TRAFFIC_SECRET 2e21da6099c95f0644f6e19b1ac59e9866f2e3b0a5197fc4faf1eaf25486c00b c69362b60bbb149f5766e931042bf7781d89afc068db5477b3a64591ccfca366
SERVER_HANDSHAKE_TRAFFIC_SECRET 2e21da6099c95f0644f6e19b1ac59e9866f2e3b0a5197fc4faf1eaf25486c00b 71bfb45f7e9ee25e19fc56dffa3c39f69ffa84c4946beca44db994dbed148d06
CLIENT_TRAFFIC_SECRET_0 2e21da6099c95f0644f6e19b1ac59e9866f2e3b0a5197fc4faf1eaf25486c00b bc82543e299e0ee82fbc1fbacdc5dc497e953e584d9bc7625ec3e016df70df7a
SERVER_TRAFFIC_SECRET_0 2e21da6099c95f0644f6e19b1ac59e9866f2e3b0a5197fc4faf1eaf25486c00b 15ced15b777b9596a39fdbac571e8630b8e55c42ddba288585f3eba32928c131
EXPORTER_SECRET 2e21da6099c95f0644f6e19b1ac59e9866f2e3b0a5197fc4faf1eaf25486c00b 4b809b5ce0a69824fc95588a65bfecc9438b48f20448225086825cf21dd95515
CLIENT_HANDSHAKE_TRAFFIC_SECRET 4ecd9abeaa6bef440ef9c3a9b97042b64ae2381ca2a286f206d3781fc9714112 aca13496cd4d828295cf5d5934b29b069ac3c24abf9a5cb41ec971677a927756
SERVER_HANDSHAKE_TRAFFIC_SECRET 4ecd9abeaa6bef440ef9c3a9b97042b64ae2381ca2a286f206d3781fc9714112 18b6d8a3fdaef5c6a8c62aa0b68bc77347895c975a91221312181501855014fc
CLIENT_TRAFFIC_SECRET_0 4ecd9abeaa6bef440ef9c3a9b97042b64ae2381ca2a286f206d3781fc9714112 1edc910ec453aaf7a995e91d126011b3ed56d7668c25de5664843042c707d883
SERVER_TRAFFIC_SECRET_0 4ecd9abeaa6bef440ef9c3a9b97042b64ae2381ca2a286f206d3781fc9714112 ba3c7d336a65fa3226e631b0703ba5335c48c2f0329abb001dfd487b425a8b40
EXPORTER_SECRET 4ecd9abeaa6bef440ef9c3a9b97042b64ae2381ca2a286f206d3781fc9714112 96b994b07ee8f15b244ce69bf2e1c48ead1abc8b12281ac471750cfd56153fab
CLIENT_HANDSHAKE_TRAFFIC_SECRET bf83dafdd10bd999fcbaa64c763cb8625c374330563b7f505b262f5db63f28bc 50a120097763799e0a428c35cec824ba3d01ea122bda82593420fde2df6781b7
SERVER_HANDSHAKE_TRAFFIC_SECRET bf83dafdd10bd999fcbaa64c763cb8625c374330563b7f505b262f5db63f28bc d2aade8c5e134bebf2d1c5c4c4b7f58a942d263a3f630952167f143fa92a95d5
CLIENT_TRAFFIC_SECRET_0 bf83dafdd10bd999fcbaa64c763cb8625c374330563b7f505b262f5db63f28bc 488134411cce13f711fe13dc910b716a9bed2908f123c3cd4e4612f635c0ff59
SERVER_TRAFFIC_SECRET_0 bf83dafdd10bd999fcbaa64c763cb8625c374330563b7f505b262f5db63f28bc 3653e206ae6fe5766f7b6d1f9b136f01d3948754c1b585d6b79f0a035ff827fc
EXPORTER_SECRET bf83dafdd10bd999fcbaa64c763cb8625c374330563b7f505b262f5db63f28bc a527588aedfd8ca98ae50892de02e15363a093ac76f19f98e349e90c9a72cc08
CLIENT_HANDSHAKE_TRAFFIC_SECRET 0e753c47d72e15ec88d186f2c8b8c89e4d484aa861b9a25c97e32dca7567aee4 5c835d3a72ccb4ca5a2d95c424efcefec4ef86014a7a2c1610663beee60eecaf
SERVER_HANDSHAKE_TRAFFIC_SECRET 0e753c47d72e15ec88d186f2c8b8c89e4d484aa861b9a25c97e32dca7567aee4 4780d6d7da61321a25c6eeea49199011ea93d4bed03fded1480ba5db54f1b335
CLIENT_TRAFFIC_SECRET_0 0e753c47d72e15ec88d186f2c8b8c89e4d484aa861b9a25c97e32dca7567aee4 1aeff78686b77772c47d93b281baf4450a693cea6d9ae18548774da6177268df
SERVER_TRAFFIC_SECRET_0 0e753c47d72e15ec88d186f2c8b8c89e4d484aa861b9a25c97e32dca7567aee4 d6fce9ac7199a2e4ee69b91059d28e00421d8f66351f6acc943dec2ba2c62283
EXPORTER_SECRET 0e753c47d72e15ec88d186f2c8b8c89e4d484aa861b9a25c97e32dca7567aee4 636ddc622311d6da64b7f7cc179870b72574b2cc8055e35a15378556bc70b169
CLIENT_HANDSHAKE_TRAFFIC_SECRET a9589d2cbd1f66c4ef5705b813862c1ef95cf663cf4e058c778815be529c6745 7f88387af1ed7b530226939e8101a53436d2ed411fddde8e934b0cbf25df243f
SERVER_HANDSHAKE_TRAFFIC_SECRET a9589d2cbd1f66c4ef5705b813862c1ef95cf663cf4e058c778815be529c6745 c987dcf169c0057e9b47101365359ed88b610226714d4994d9b14778a895625d
CLIENT_TRAFFIC_SECRET_0 a9589d2cbd1f66c4ef5705b813862c1ef95cf663cf4e058c778815be529c6745 558d1da42bd7466a3579317b25a9cc83b2c27d4b2cffe631e5a04d081b402561
SERVER_TRAFFIC_SECRET_0 a9589d2cbd1f66c4ef5705b813862c1ef95cf663cf4e058c778815be529c6745 b07710d910c9ff80aebaf1224422c260f8d200daa672a1582e3b935d06c95c8d
EXPORTER_SECRET a9589d2cbd1f66c4ef5705b813862c1ef95cf663cf4e058c778815be529c6745 0cb2eb102441015a634ef1bbbff2eeae3d6624089bbf8bc3d228f89bab7830df
CLIENT_HANDSHAKE_TRAFFIC_SECRET d456889edf30b4e7025219bfcafc3cde0731a2767abcd82c2c75707254111059 42f3059f9c73c2fc3295b17e26a864839c4f61f06efd928978f0c81f0a5952a7
SERVER_HANDSHAKE_TRAFFIC_SECRET d456889edf30b4e7025219bfcafc3cde0731a2767abcd82c2c75707254111059 b4283ea21502730738b124aab174dd1d03526010ccca29aa5a402f4d2ec5316c
CLIENT_TRAFFIC_SECRET_0 d456889edf30b4e7025219bfcafc3cde0731a2767abcd82c2c75707254111059 77e9e72420177150e45e683fbb2b04ada4b02a2faadf95c91d31bf6b9f978828
SERVER_TRAFFIC_SECRET_0 d456889edf30b4e7025219bfcafc3cde0731a2767abcd82c2c75707254111059 9a0bb610d45096ffcbfc9976989203cb2ecc06aac0c55490fe2db1ff7b592b18
EXPORTER_SECRET d456889edf30b4e7025219bfcafc3cde0731a2767abcd82c2c75707254111059 102e2b61e6507776bd98caaf0ba91ea1456c365a834e1a79c0630f573ead7827
CLIENT_HANDSHAKE_TRAFFIC_SECRET bda150ed28a8a8f6ee759275f84de02fa43b5250bd9fd1b216360aaf0ca8d242 960b558640b3928db9a5e59d8ba0cf28f7e842aa98d25bc6a4266b6000804c66
SERVER_HANDSHAKE_TRAFFIC_SECRET bda150ed28a8a8f6ee759275f84de02fa43b5250bd9fd1b216360aaf0ca8d242 67bc167169f8abb4d9c5131fbe5556c2fc375f96d3eb135e0376163186c989ba
CLIENT_TRAFFIC_SECRET_0 bda150ed28a8a8f6ee759275f84de02fa43b5250bd9fd1b216360aaf0ca8d242 144961f5095c58778556e99754fa2d7faf6202ce475201b45964ae908875ea2b
SERVER_TRAFFIC_SECRET_0 bda150ed28a8a8f6ee759275f84de02fa43b5250bd9fd1b216360aaf0ca8d242 587566b667f2995bf84cb6d03e2c5ac3ec77ff8884735ac70438648dfc4a6078
EXPORTER_SECRET bda150ed28a8a8f6ee759275f84de02fa43b5250bd9fd1b216360aaf0ca8d242 52c63d1e2c43a6ead43b0619d61aab34ed756f30e93fe59d9fa6699cd109bd53
CLIENT_HANDSHAKE_TRAFFIC_SECRET a2d0aa5eade6413ecd8b16f3e8678d98856ec8d25b2fa7a5f76b6c2d0527cbda 09f37f36902922faae885e6e218c26c78e3823f6815f279345404735bcc2ff62
SERVER_HANDSHAKE_TRAFFIC_SECRET a2d0aa5eade6413ecd8b16f3e8678d98856ec8d25b2fa7a5f76b6c2d0527cbda f41acbd7f0d2309406eef6d330f5186cd63f6a9cd1ed8e517e3afd04b71250a0
CLIENT_TRAFFIC_SECRET_0 a2d0aa5eade6413ecd8b16f3e8678d98856ec8d25b2fa7a5f76b6c2d0527cbda 9d53e211ac0621f2592152e816bd8feb2297ceac1830bc16e8808982e278b5d6
SERVER_TRAFFIC_SECRET_0 a2d0aa5eade6413ecd8b16f3e8678d98856ec8d25b2fa7a5f76b6c2d0527cbda a4025157aff5024e8ca1a4795b5689309a93ebd7f14383e199e72b77915704c5
EXPORTER_SECRET a2d0aa5eade6413ecd8b16f3e8678d98856ec8d25b2fa7a5f76b6c2d0527cbda 89bc94a338227aa2fef6712b000961f66027ba9e09bf2b5922d1531ba122a17a
CLIENT_HANDSHAKE_TRAFFIC_SECRET f63a2e63a3154d7484e10eabc272cc72c744d057a4dbed1a8e8a9d1a52e32ea7 90be7390cef9188979c18601bcb1edf691a38a6b8fc0459543d418a7ee3a0d43
SERVER_HANDSHAKE_TRAFFIC_SECRET f63a2e63a3154d7484e10eabc272cc72c744d057a4dbed1a8e8a9d1a52e32ea7 905a2b5b19425c7bf259520cf08e940dfc0d63e79e67a5cb35217726cc4fe06e
CLIENT_TRAFFIC_SECRET_0 f63a2e63a3154d7484e10eabc272cc72c744d057a4dbed1a8e8a9d1a52e32ea7 bbc3126423fab3decd643cbcd7bd1e254682a98b2ba67e12ee2e0f7a27f3ab07
SERVER_TRAFFIC_SECRET_0 f63a2e63a3154d7484e10eabc272cc72c744d057a4dbed1a8e8a9d1a52e32ea7 41986384344e065097721330d183e2a89d48abbe7f416903c05857f985e029b3
EXPORTER_SECRET f63a2e63a3154d7484e10eabc272cc72c744d057a4dbed1a8e8a9d1a52e32ea7 ff8980b6c4001cc07eb67c46e2a6e3ed36c48a26357cb775705b2e1b11f83e85
CLIENT_HANDSHAKE_TRAFFIC_SECRET 43229f58ce7dfaf781ca51694996284babffe244e7976c66cc78765168c46aaa bfd2d214aeebec2ec74e602af50c7adef2c35e543a34ea5fd413ccb894a9530e
SERVER_HANDSHAKE_TRAFFIC_SECRET 43229f58ce7dfaf781ca51694996284babffe244e7976c66cc78765168c46aaa 6784ac5586540025db4b88e6f605a8f5756dfa25905906976e5133dc6071d80b
CLIENT_TRAFFIC_SECRET_0 43229f58ce7dfaf781ca51694996284babffe244e7976c66cc78765168c46aaa e4d30f8bb981f40634a096b793032fba0cf005485b2802b9af2af2da1e2b825c
SERVER_TRAFFIC_SECRET_0 43229f58ce7dfaf781ca51694996284babffe244e7976c66cc78765168c46aaa fbdda1a1bfc81d7ed05d6bda4f933e451569b79bcdf20f8509dc130d033fe91f
EXPORTER_SECRET 43229f58ce7dfaf781ca51694996284babffe244e7976c66cc78765168c46aaa 953a2753d76ab53e69e4db6be268c01a604b4a33a29233d963a73c28954cbd0c
CLIENT_HANDSHAKE_TRAFFIC_SECRET 1a3a59811d7e99cd9ec6efc2c75a83dcf1a92359bd800d2f7ae0ebf5986885d3 60e6f0e54157b938740ab3201f16fd9d34478566260d8fe2283f4e1cda7141bd
SERVER_HANDSHAKE_TRAFFIC_SECRET 1a3a59811d7e99cd9ec6efc2c75a83dcf1a92359bd800d2f7ae0ebf5986885d3 b65eb9218d61b070a32436e5c32938cf503a5414ec604d658056ad226922b8e3
CLIENT_TRAFFIC_SECRET_0 1a3a59811d7e99cd9ec6efc2c75a83dcf1a92359bd800d2f7ae0ebf5986885d3 0bb443a884b9e8937178e1cf8e77547357eaab1b0d6b6bcd8e4acb207a307ca0
SERVER_TRAFFIC_SECRET_0 1a3a59811d7e99cd9ec6efc2c75a83dcf1a92359bd800d2f7ae0ebf5986885d3 06ecf3d67246f76659b361be3c21ef2fb79ba0f83ea9c495e0f429a373dec14b
EXPORTER_SECRET 1a3a59811d7e99cd9ec6efc2c75a83dcf1a92359bd800d2f7ae0ebf5986885d3 7cb791f4d995da0151ec89e6dad6030e96103fb15b074f1a1981d9dd0d98da9c
CLIENT_HANDSHAKE_TRAFFIC_SECRET b692b92182117c0782261276f0474f5d370bb129af4079aebaf35ef8783478e8 70ae5a70a832f00714239e45715bea66c6408101c11708658eb2bd35d42b22b8
SERVER_HANDSHAKE_TRAFFIC_SECRET b692b92182117c0782261276f0474f5d370bb129af4079aebaf35ef8783478e8 9fdccdf9b5bb414d5aa4fd61ed2d73283ca426a07b0bd8555ae4be098a9839ba
CLIENT_TRAFFIC_SECRET_0 b692b92182117c0782261276f0474f5d370bb129af4079aebaf35ef8783478e8 380ab9caba3bc28eb86ddd4cfd9079207d3f5752f06e28cd61f446dc99cdc490
SERVER_TRAFFIC_SECRET_0 b692b92182117c0782261276f0474f5d370bb129af4079aebaf35ef8783478e8 f9e676c875c73393a0538849ea5c307d7a4e9f7c53267debbeabdc627a2bed8d
EXPORTER_SECRET b692b92182117c0782261276f0474f5d370bb129af4079aebaf35ef8783478e8 ab70bd63fd8863c18014d188e37a42d545f09bd933044360d56e14edb9ccf386
CLIENT_HANDSHAKE_TRAFFIC_SECRET 229f1072848e9c56ca1d325c6ef30054bc0442b01738d421f89600d42d07cf9f 938864f3d31f3da08a2d5543bf36ae462788fecec07731fe1ec219aecce5dc0d
SERVER_HANDSHAKE_TRAFFIC_SECRET 229f1072848e9c56ca1d325c6ef30054bc0442b01738d421f89600d42d07cf9f 68448278f605959f3487b5175a876debaf05486c9412973e6b24add73f244fc3
CLIENT_TRAFFIC_SECRET_0 229f1072848e9c56ca1d325c6ef30054bc0442b01738d421f89600d42d07cf9f df65f4f39086c4ae0611b67e0726a6d1a6050c42f34d65d950bdee249944a11e
SERVER_TRAFFIC_SECRET_0 229f1072848e9c56ca1d325c6ef30054bc0442b01738d421f89600d42d07cf9f 273e0686b0d1200c006a1eed071aefc4158eeeb27058ad80a69760aff2b01c4e
EXPORTER_SECRET 229f1072848e9c56ca1d325c6ef30054bc0442b01738d421f89600d42d07cf9f 31c3e2435d06a4cf3eae36fa5bc55b8db147e7bf729381f14f439d79dfa978f5
CLIENT_HANDSHAKE_TRAFFIC_SECRET 57f76808e27e367c92a9abfa5d88bf98208b56f92fe8cafe315d0b2e95c8ea02 6d4080b03e8bf4c86d44fc236881ad77207b74048c4f8819fe7594dcd3d93963
SERVER_HANDSHAKE_TRAFFIC_SECRET 57f76808e27e367c92a9abfa5d88bf98208b56f92fe8cafe315d0b2e95c8ea02 8e323dedaa5e715496e212dcf0c2bf7617eb04d2320191dceaa9138050bd792c
CLIENT_TRAFFIC_SECRET_0 57f76808e27e367c92a9abfa5d88bf98208b56f92fe8cafe315d0b2e95c8ea02 672b9427c12b762dcd6e0cdc636af05b3035a918d12a083bafb5236efae60200
SERVER_TRAFFIC_SECRET_0 57f76808e27e367c92a9abfa5d88bf98208b56f92fe8cafe315d0b2e95c8ea02 9ae5d82600f1c7e255255fd1f6672ee33db6d11532caecfb9e15fb431afe3095
EXPORTER_SECRET 57f76808e27e367c92a9abfa5d88bf98208b56f92fe8cafe315d0b2e95c8ea02 115a85cbd06043f736d80f429aa59d03e91df3949ea8550d002692f44b52fb47
CLIENT_HANDSHAKE_TRAFFIC_SECRET 6f12ead877ea7e78ac641efa345c3b49c86c1ec668db1fe2aef48a1e3e814395 01d86eb3a9373e1b87a2f50003a461008897c43a9133df41951e878b31109cc1
SERVER_HANDSHAKE_TRAFFIC_SECRET 6f12ead877ea7e78ac641efa345c3b49c86c1ec668db1fe2aef48a1e3e814395 1fd6c6325a52e82cd7f070f86e5cecccc93a009754530c72667dde63022c2ad7
CLIENT_TRAFFIC_SECRET_0 6f12ead877ea7e78ac641efa345c3b49c86c1ec668db1fe2aef48a1e3e814395 8851983849bb805fe6dd614f16853a087df3b8e2a107e7947f0fd1d08f5d3a28
SERVER_TRAFFIC_SECRET_0 6f12ead877ea7e78ac641efa345c3b49c86c1ec668db1fe2aef48a1e3e814395 3e0bf0d5b0386c597326c7c35b2fd91c515a36b67480156bb3166ae2140b387d
EXPORTER_SECRET 6f12ead877ea7e78ac641efa345c3b49c86c1ec668db1fe2aef48a1e3e814395 b80499b86be6d86300883aa9e40d27c3ed4a682fd3f436ec575713b9351c33aa
CLIENT_HANDSHAKE_TRAFFIC_SECRET a3e8e95fafb4fef01fc52f41ab549c81d6e606153a34cca4cc31242b59b00e38 ca94ded30cf9b256c71c85f17f1be5045354a27cc2b9d02ccaeb7c853db3c008
SERVER_HANDSHAKE_TRAFFIC_SECRET a3e8e95fafb4fef01fc52f41ab549c81d6e606153a34cca4cc31242b59b00e38 1897d8df6baf083c3129853ae9667b831d8c693489404fa01bc6f52a802a2468
CLIENT_TRAFFIC_SECRET_0 a3e8e95fafb4fef01fc52f41ab549c81d6e606153a34cca4cc31242b59b00e38 ef174530fbe7992c71d94acc810826b489920a8318233d0ed318543ade60bd93
SERVER_TRAFFIC_SECRET_0 a3e8e95fafb4fef01fc52f41ab549c81d6e606153a34cca4cc31242b59b00e38 775dab9ded1f668a30aba36235df4052dd0bc12ea47d14ce56369d45a3dd7623
EXPORTER_SECRET a3e8e95fafb4fef01fc52f41ab549c81d6e606153a34cca4cc31242b59b00e38 c47402000420f0e3d81db449e2453f7162efd60790edb49dd5f51e1307ca6698
CLIENT_HANDSHAKE_TRAFFIC_SECRET b5a1570e2d625aca4ca788eb84458d4c9f32ebaeb961f089c99783ca96749850 2e449b2d78064cbd4df8289c656c3675fb58a8a5ccb1d985820a30564be8c496
SERVER_HANDSHAKE_TRAFFIC_SECRET b5a1570e2d625aca4ca788eb84458d4c9f32ebaeb961f089c99783ca96749850 0ced593446bdcd36b004285d77397e27755df30a20901fea6a6a93a5176e46ba
CLIENT_TRAFFIC_SECRET_0 b5a1570e2d625aca4ca788eb84458d4c9f32ebaeb961f089c99783ca96749850 caea23153e66fd7bf51840684f590c48e54a8ee6f8f1020c2fcebe12923e83fa
SERVER_TRAFFIC_SECRET_0 b5a1570e2d625aca4ca788eb84458d4c9f32ebaeb961f089c99783ca96749850 e984afaac2482393fe0ff13739b7a36cd48fd6ad0d89da782e2a4a6182551091
EXPORTER_SECRET b5a1570e2d625aca4ca788eb84458d4c9f32ebaeb961f089c99783ca96749850 0d5ff38535301436b160154d308ada02db71a367d29d33ae0d292d57390cb1d2
CLIENT_HANDSHAKE_TRAFFIC_SECRET e2910b480fdaee126b27540f50622483af87dd592d7fa2894c10aa6c096efff7 3d67ecd849238742352135f965bbc0f69fadcf54ae0e2d30226fe6763387220a
SERVER_HANDSHAKE_TRAFFIC_SECRET e2910b480fdaee126b27540f50622483af87dd592d7fa2894c10aa6c096efff7 fcf7d1114ca8de8ebb9c3c4af10b1ac8fd3a7ea7e994a8aa1f700eff2b416afa
CLIENT_TRAFFIC_SECRET_0 e2910b480fdaee126b27540f50622483af87dd592d7fa2894c10aa6c096efff7 e1695c87fbc118368d3c0aee1f960cbee5b93dbe690651107d28822c92ffe83a
SERVER_TRAFFIC_SECRET_0 e2910b480fdaee126b27540f50622483af87dd592d7fa2894c10aa6c096efff7 b48e1fa64e14a916a6286c81bd2d858aa0bb3a3e3e9c346c0e57ef64943428e0
EXPORTER_SECRET e2910b480fdaee126b27540f50622483af87dd592d7fa2894c10aa6c096efff7 515bdad2d61acbf5d2a949c8bcdcf23a95cb1bc91ad610d8e4081bab424084a5
CLIENT_HANDSHAKE_TRAFFIC_SECRET e3e1e22f90c105151cbc62ade79be6f5d30518027f45b28a54aa042c5668173a f7dd78cb787ba1e13caf8651db5ee4a311f536dbd4e6b9dddd52641079e8ce55
SERVER_HANDSHAKE_TRAFFIC_SECRET e3e1e22f90c105151cbc62ade79be6f5d30518027f45b28a54aa042c5668173a e6c36f701fea52014751fada6c337018142431254382b65949745e15d5d4face
CLIENT_TRAFFIC_SECRET_0 e3e1e22f90c105151cbc62ade79be6f5d30518027f45b28a54aa042c5668173a 18c7090aa2f19e02e527c7703a0baca27fd317079e804f244d3418c2e1a2716c
SERVER_TRAFFIC_SECRET_0 e3e1e22f90c105151cbc62ade79be6f5d30518027f45b28a54aa042c5668173a 51f9cb408a5a74cce83a44c4662481097e9c4c536586ecf68fe630583423adf0
EXPORTER_SECRET e3e1e22f90c105151cbc62ade79be6f5d30518027f45b28a54aa042c5668173a b1c3d96bfa7704ba5bf54d45546c0c9fe85f68acd36d98c567e5789538cbe019
CLIENT_HANDSHAKE_TRAFFIC_SECRET 6bf06d135eef87daae572a5f63947a0babe9be6f7c04643c31aa022fbb618384 b79d6e70097cd644434fefa0d1471c791c218ef7d1e55a1529a4e80200a22ce8
SERVER_HANDSHAKE_TRAFFIC_SECRET 6bf06d135eef87daae572a5f63947a0babe9be6f7c04643c31aa022fbb618384 4cce88d35f0c69b240864089fd2e02406cca80a4f7014484ced31648adecf168
CLIENT_TRAFFIC_SECRET_0 6bf06d135eef87daae572a5f63947a0babe9be6f7c04643c31aa022fbb618384 ce5fd343bd21acd066f084dfe48090462330fceb085e5d2b7db672538ec0d39a
SERVER_TRAFFIC_SECRET_0 6bf06d135eef87daae572a5f63947a0babe9be6f7c04643c31aa022fbb618384 9fdb11563a2e61126988fed39f55d45ee95ad6c13b3949323edfe7f8e4f4f34f
EXPORTER_SECRET 6bf06d135eef87daae572a5f63947a0babe9be6f7c04643c31aa022fbb618384 994494d0d0f6ca795901455931dd3a91d200f310fdf945f4f1139921441a2663
CLIENT_HANDSHAKE_TRAFFIC_SECRET 4fb4efa07f18f862ee3d06eaa50e38c2fdb90f77c5fdafddd72256c53cad631f f50b874ccc2d0b256edc3a499d2d7ba4dc0fd81cca182a2d0d08ae40c7f621f6
SERVER_HANDSHAKE_TRAFFIC_SECRET 4fb4efa07f18f862ee3d06eaa50e38c2fdb90f77c5fdafddd72256c53cad631f fa905e3fe4c0a06aab43db1057154dbf663db63c0ec7f68cd65ebcfd2f336fd5
CLIENT_TRAFFIC_SECRET_0 4fb4efa07f18f862ee3d06eaa50e38c2fdb90f77c5fdafddd72256c53cad631f 54a582a1fae44b2ce594a6253fb92620ef5449327cdc4f2c38e80b83f23b6bbd
SERVER_TRAFFIC_SECRET_0 4fb4efa07f18f862ee3d06eaa50e38c2fdb90f77c5fdafddd72256c53cad631f 185b91859dc1a2af20d8efe20cc40926d476dc5e393cc19bababee60ba6eeb3f
EXPORTER_SECRET 4fb4efa07f18f862ee3d06eaa50e38c2fdb90f77c5fdafddd72256c53cad631f 9af4ce3b077773f0de9507b2d98069e4bd1facc0cb55a7fcadc613b4442c4fca
CLIENT_HANDSHAKE_TRAFFIC_SECRET fc7119a8e507f317e36143907d563df31e349b14828595489144fcab51533052 a6d438a5663573b8eb32443e993b6d112cd4239ffd55de7dc27c90cb63e6af2c
SERVER_HANDSHAKE_TRAFFIC_SECRET fc7119a8e507f317e36143907d563df31e349b14828595489144fcab51533052 ccc0100086747f44f871909a1b06f398be9790865eb4a2be5151c4ed861f86b7
CLIENT_TRAFFIC_SECRET_0 fc7119a8e507f317e36143907d563df31e349b14828595489144fcab51533052 ebf1e38b0ca79dae25de2b4dc9bc4a4785f46a14d4d9ffde907a4d3a58ca38a3
SERVER_TRAFFIC_SECRET_0 fc7119a8e507f317e36143907d563df31e349b14828595489144fcab51533052 82720c0d264115b64387c1e8febbbbde3748421929149df05bf672c248b899b0
EXPORTER_SECRET fc7119a8e507f317e36143907d563df31e349b14828595489144fcab51533052 8eb9259103705781ba48eaaca50300afb1517c56f80fb9454525dbeaba988629
CLIENT_HANDSHAKE_TRAFFIC_SECRET acfdcf7d233c491c0ddbe2a92bd37da9aadf3e35c5c993785274125b0cfa0a51 ed71bc01a33082cc50d3a07029d249c6a03c9402ee05be8e67555ce3f7f5d735
SERVER_HANDSHAKE_TRAFFIC_SECRET acfdcf7d233c491c0ddbe2a92bd37da9aadf3e35c5c993785274125b0cfa0a51 1756f3aa2ab2d4d0ac3b999385b33501a28ae16f6600447daf1d63f420e0474e
CLIENT_TRAFFIC_SECRET_0 acfdcf7d233c491c0ddbe2a92bd37da9aadf3e35c5c993785274125b0cfa0a51 8920f11f4ebb29365c5e8767fe9b7986cc478b59205298e2124ad968a9c625d1
SERVER_TRAFFIC_SECRET_0 acfdcf7d233c491c0ddbe2a92bd37da9aadf3e35c5c993785274125b0cfa0a51 754b3722a5198b9eb8e12c3ff5e61a9a254fc959eaf0c6b3bda78aebf472aea4
EXPORTER_SECRET acfdcf7d233c491c0ddbe2a92bd37da9aadf3e35c5c993785274125b0cfa0a51 ea3d45b07ffcceb39663b15c24ec2686faf0b4a0c0bf21542dfb50e97bdd6d4e
CLIENT_HANDSHAKE_TRAFFIC_SECRET 1df126bd552c2489814a752577a5010d7660df81133792572db133311830a26e 864a98f2575ad6f9dbc949bbbeb7375762a5f49a8b0ddadd2899cb3531aef90d
SERVER_HANDSHAKE_TRAFFIC_SECRET 1df126bd552c2489814a752577a5010d7660df81133792572db133311830a26e e5037d3a3fc947e7dbe763d41448fdbc189b0c569d79bbbf2c83b2b4f4bc7eed
CLIENT_TRAFFIC_SECRET_0 1df126bd552c2489814a752577a5010d7660df81133792572db133311830a26e 2b0797a5474fe15b2cded565b1444b462cf3cb59efca7cc326fe712bcd6cf27b
SERVER_TRAFFIC_SECRET_0 1df126bd552c2489814a752577a5010d7660df81133792572db133311830a26e 5b275b0c3e8eb488d3dbd826f0b93dccc5dab9117873032c16ef65205b193767
EXPORTER_SECRET 1df126bd552c2489814a752577a5010d7660df81133792572db133311830a26e 20a420fa35fc76629e1b3315a5e51dac08bf60538ab7468f9cfabe894e806cbe
CLIENT_HANDSHAKE_TRAFFIC_SECRET 865342e4408adf4acff62060910e8377e790daf79ddfc682b6f170bd329c1964 45907941cc54e96a06838e2fa53d81f343d7848de71b1213355da2519d0e80b8
SERVER_HANDSHAKE_TRAFFIC_SECRET 865342e4408adf4acff62060910e8377e790daf79ddfc682b6f170bd329c1964 de7f3b3226d1888d47db7bd3cda974359f61210237e438b4e702dfefc3796dbb
CLIENT_TRAFFIC_SECRET_0 865342e4408adf4acff62060910e8377e790daf79ddfc682b6f170bd329c1964 5d0d02556202f482491f26f299b6f97d60a45a2c7c23f62320efe46b7dcf9e39
SERVER_TRAFFIC_SECRET_0 865342e4408adf4acff62060910e8377e790daf79ddfc682b6f170bd329c1964 31fd2d9eff41bef9542846eb703d1c88a7e9fcb0b3a9833257257d4972c0f80b
EXPORTER_SECRET 865342e4408adf4acff62060910e8377e790daf79ddfc682b6f170bd329c1964 9a4c8ed5fe237333c6ba81f35157590fd0e593f85d3cd32393968155f69da2d4
CLIENT_HANDSHAKE_TRAFFIC_SECRET e0bb79ac2dbf15b8413c4ee2f434580313e92d4f906b1bdf8c22505edb9a398e 8f7f4369846f6f6ee298dd1b2266c55527b13d88ed5e91638b5c7199d216e38a
SERVER_HANDSHAKE_TRAFFIC_SECRET e0bb79ac2dbf15b8413c4ee2f434580313e92d4f906b1bdf8c22505edb9a398e 6f41868ac263c5e8674e7ce2eabd61271689a78a34b0571f9ee23dd3a9446de8
CLIENT_TRAFFIC_SECRET_0 e0bb79ac2dbf15b8413c4ee2f434580313e92d4f906b1bdf8c22505edb9a398e e307aa0d9f533c3cc2773fd33edbb4ecdea0898b8e2664c7de804adb6ef01bc7
SERVER_TRAFFIC_SECRET_0 e0bb79ac2dbf15b8413c4ee2f434580313e92d4f906b1bdf8c22505edb9a398e f2e0423d189a28e83caa419ec9355faf235a4df883bcfe550825cac01c560266
EXPORTER_SECRET e0bb79ac2dbf15b8413c4ee2f434580313e92d4f906b1bdf8c22505edb9a398e 58f13304c8329a73cbb9269b5f72e18286ff7aa25437f090e5d505f0abdacf26
CLIENT_HANDSHAKE_TRAFFIC_SECRET 65bbfed57f3b93c2720e3759061e18e51c43d002603e2e5952c5435baaef483d d14b737b91fbafddb8fd915bf4e3be0292b9d27274bc76a6085a11c63dc637e1
SERVER_HANDSHAKE_TRAFFIC_SECRET 65bbfed57f3b93c2720e3759061e18e51c43d002603e2e5952c5435baaef483d d7b27c62fd42d7dceea0335c8d8a744793bf54dc8e1c7c5f25957f975d111c3a
CLIENT_TRAFFIC_SECRET_0 65bbfed57f3b93c2720e3759061e18e51c43d002603e2e5952c5435baaef483d 05117079a6a2bd59a8e1d4be9de6621fe57c1d26fd242ed9590368b9ac918704
SERVER_TRAFFIC_SECRET_0 65bbfed57f3b93c2720e3759061e18e51c43d002603e2e5952c5435baaef483d 03d7d8c6f729df4ab2b8de4b51b00e23fc9d8fe1614df4d31db9e0226da4b010
EXPORTER_SECRET 65bbfed57f3b93c2720e3759061e18e51c43d002603e2e5952c5435baaef483d 5293bf5aca9b90e474cfdf7489d59c9c2ad123746c8423a290c146cd60d7175b
CLIENT_HANDSHAKE_TRAFFIC_SECRET 89a92ecea87df5348dbce088847675583652923c6a52ce42ed6321e1da25a7cb 030b78f7e534981e2d4ff6f918fec7f1375b88f0a53b5bbbc1adcde38ca0ed3d
SERVER_HANDSHAKE_TRAFFIC_SECRET 89a92ecea87df5348dbce088847675583652923c6a52ce42ed6321e1da25a7cb 443fe16cc70e1112d4c2ef53bafcf74c7945f8fd4b7ed9dac33c8c522b4bac17
CLIENT_TRAFFIC_SECRET_0 89a92ecea87df5348dbce088847675583652923c6a52ce42ed6321e1da25a7cb d4f630efab94a7c212b193db54147792249606702be2a1869366b974693a2eed
SERVER_TRAFFIC_SECRET_0 89a92ecea87df5348dbce088847675583652923c6a52ce42ed6321e1da25a7cb a9b207fb8285f57ab6f0be93465160d9ad0d9fd84401fd5c64c9381a330820e5
EXPORTER_SECRET 89a92ecea87df5348dbce088847675583652923c6a52ce42ed6321e1da25a7cb f86338fcfb7b5782ecd6a732dfaddb9adaf654d4c30bbe2ce6ae9a70a7803802
CLIENT_HANDSHAKE_TRAFFIC_SECRET a51d3f23b692fe984b6fa8d4f5855b6a65f091891c652a14509390c2d91ca345 5b4d298f06b343b68a31560492a7937f20e6af84830648e792872ebf706d83ec
SERVER_HANDSHAKE_TRAFFIC_SECRET a51d3f23b692fe984b6fa8d4f5855b6a65f091891c652a14509390c2d91ca345 6fa1b1d0dd69638d009715500deef25a94eb53800be4dd4f3ad5e3e82df70e03
CLIENT_TRAFFIC_SECRET_0 a51d3f23b692fe984b6fa8d4f5855b6a65f091891c652a14509390c2d91ca345 4cf5d54ddad5cdf1f971dc3efc7a564e515717d4e7b83f9df302b544788f20e9
SERVER_TRAFFIC_SECRET_0 a51d3f23b692fe984b6fa8d4f5855b6a65f091891c652a14509390c2d91ca345 2f7d1c3e103442fadc06094473796a09beb5bb87fc9e3c3242316c6b11956671
EXPORTER_SECRET a51d3f23b692fe984b6fa8d4f5855b6a65f091891c652a14509390c2d91ca345 d874c1cb4547199e84bd6e4c38ebf260a0c7ea4f505e2ce4e7e9c1edcd15798a
CLIENT_HANDSHAKE_TRAFFIC_SECRET b414084622b323cf9a5848d046f7823091cf5b3658c587df13cb67980e4e6f29 f12b32e47b5902378f2b7ad351d244b8480656c1760c76fc0b59c7cf0c712754
SERVER_HANDSHAKE_TRAFFIC_SECRET b414084622b323cf9a5848d046f7823091cf5b3658c587df13cb67980e4e6f29 2dd725849cde73e71a227a827de2e66b8a59e3d2465acd7c7b148a4c6fed1881
CLIENT_TRAFFIC_SECRET_0 b414084622b323cf9a5848d046f7823091cf5b3658c587df13cb67980e4e6f29 ee245e6db178ca4ef27f4228c3750338c21a54b60bfbd293d6a070a7d863868d
SERVER_TRAFFIC_SECRET_0 b414084622b323cf9a5848d046f7823091cf5b3658c587df13cb67980e4e6f29 e682b4901ae021b12c768df70fdd10b2b9b679c0fb34acbd79cce419c3c7cb2f
EXPORTER_SECRET b414084622b323cf9a5848d046f7823091cf5b3658c587df13cb67980e4e6f29 22c115b499a910f4f00cef58b3b355125eb807c7505d7ebe41bde673b5c728d3
CLIENT_HANDSHAKE_TRAFFIC_SECRET f85a0dc5763163f05150bd8b913d45e3632a242015feeda351fce9fa24e806b4 efcd31432a3b7ac683b6bf61a7942948ade9f8e739eb67b62b6d9fbea0c43e63
SERVER_HANDSHAKE_TRAFFIC_SECRET f85a0dc5763163f05150bd8b913d45e3632a242015feeda351fce9fa24e806b4 bcc1de475114f1d97066a93bc36a86c89fb3a52e7f3588db4329543fae4cd97d
CLIENT_TRAFFIC_SECRET_0 f85a0dc5763163f05150bd8b913d45e3632a242015feeda351fce9fa24e806b4 fe8010b0c9eb7e52e66eb50218427a85183b2d209833879fb75695980ee34ba1
SERVER_TRAFFIC_SECRET_0 f85a0dc5763163f05150bd8b913d45e3632a242015feeda351fce9fa24e806b4 aaef4d5a2c74d9bd47a692de342371c12506a51c18b60d033c113fa1c382acb3
EXPORTER_SECRET f85a0dc5763163f05150bd8b913d45e3632a242015feeda351fce9fa24e806b4 0ba6622a526deb14ecc182703dc8c87dbe938f58c84c7311019ffb7838fd9168
CLIENT_HANDSHAKE_TRAFFIC_SECRET abf244c9e1615aa3c43a6464ff13440e187caf47b33250d420e9db532206c4ac c823fdee6ec5c393b3715becf6c24af332df8750102d94694d6afbe0444155a7
SERVER_HANDSHAKE_TRAFFIC_SECRET abf244c9e1615aa3c43a6464ff13440e187caf47b33250d420e9db532206c4ac 80ec3c707a32ddb421a699f6b67d98e7168944d1558bc6e53db2bf2a070e2e24
CLIENT_TRAFFIC_SECRET_0 abf244c9e1615aa3c43a6464ff13440e187caf47b33250d420e9db532206c4ac b64f6782e083f8e787052406d70ad083c95e3c878d5e63e95094d3f2c297d415
SERVER_TRAFFIC_SECRET_0 abf244c9e1615aa3c43a6464ff13440e187caf47b33250d420e9db532206c4ac ae2d4c3e4db4f3efacb9e77054bdb389a0dcbbe02cbb34815d07a30e989e1a4d
EXPORTER_SECRET abf244c9e1615aa3c43a6464ff13440e187caf47b33250d420e9db532206c4ac 5a7a18a1c771600e6a2cc5e7f2510abf2a49b80a63ffe1c80c35287e1af792b7
CLIENT_HANDSHAKE_TRAFFIC_SECRET 20c57b3ece184a0e2c22c641d9a35ae1d57204f9ece20f75fdb964352b79717f b89071f11dd7449a317875e40ce9092a2425dd6169f40b8b5c4171dbcba5a77b
SERVER_HANDSHAKE_TRAFFIC_SECRET 20c57b3ece184a0e2c22c641d9a35ae1d57204f9ece20f75fdb964352b79717f d866d97cfa419ab88fb56b2841940bff824f05eca2f04f9af6a412f613766151
CLIENT_TRAFFIC_SECRET_0 20c57b3ece184a0e2c22c641d9a35ae1d57204f9ece20f75fdb964352b79717f 58162cf0aa5d46b4407517dfe857ce0766a8af6fe8cc7daf39a2ab9b998625ba
SERVER_TRAFFIC_SECRET_0 20c57b3ece184a0e2c22c641d9a35ae1d57204f9ece20f75fdb964352b79717f f83bc4bb63b041f1fe9984583c90d15cf5e14069f6c646f97391142c2e518880
EXPORTER_SECRET 20c57b3ece184a0e2c22c641d9a35ae1d57204f9ece20f75fdb964352b79717f 3b8d82f2063b35870e24130f9720a10c47912c6f44b4c9ca2f8332e133bff29d
CLIENT_HANDSHAKE_TRAFFIC_SECRET 5ff07f3b0309fed678852b9e518cd4292d79d7804d65e8bea51a511953d0da02 b246d3eb6fcd57059034808f4554f3af1d1e2c38e94bdddc439a8c93c28ac95c
SERVER_HANDSHAKE_TRAFFIC_SECRET 5ff07f3b0309fed678852b9e518cd4292d79d7804d65e8bea51a511953d0da02 3ca5ab3f457a7c18a38fa0c8aa3b723f13ac1c729a8614aefe1cc850715c7817
CLIENT_TRAFFIC_SECRET_0 5ff07f3b0309fed678852b9e518cd4292d79d7804d65e8bea51a511953d0da02 a1e631d412f9b983fc030cdf9addc16930d4af6072857551050597d8c06fa4fd
SERVER_TRAFFIC_SECRET_0 5ff07f3b0309fed678852b9e518cd4292d79d7804d65e8bea51a511953d0da02 b479c0fd8e054428163e35cf4ab8db4ac569625d82afea228a41a56dc5a22322
EXPORTER_SECRET 5ff07f3b0309fed678852b9e518cd4292d79d7804d65e8bea51a511953d0da02 fc88b92ca7c4ad4354b5f1532b24dfb383f1aa2756ec89de60da79dbf38298a1
CLIENT_HANDSHAKE_TRAFFIC_SECRET dd4380fa2eb71ddb9c2d44bdbc3a8b946f65c9b1bde67825e9facd5ae831a1e5 4671ea195f117a909a7cc918c0fb171ad1cc79d5fe327fcd1ae5315aaee686af
SERVER_HANDSHAKE_TRAFFIC_SECRET dd4380fa2eb71ddb9c2d44bdbc3a8b946f65c9b1bde67825e9facd5ae831a1e5 62dcef785bfffa81a99f675974930db4825862ceb2552700dd97e903dbeb0d93
CLIENT_TRAFFIC_SECRET_0 dd4380fa2eb71ddb9c2d44bdbc3a8b946f65c9b1bde67825e9facd5ae831a1e5 9190ca40ef8f4ff343a5fce74aa6c5f9531696658d6ba50fe936df4bc8805b74
SERVER_TRAFFIC_SECRET_0 dd4380fa2eb71ddb9c2d44bdbc3a8b946f65c9b1bde67825e9facd5ae831a1e5 194289af6764ee353ef5307909606b5d71eca945d0303059207b32766ad43dc5
EXPORTER_SECRET dd4380fa2eb71ddb9c2d44bdbc3a8b946f65c9b1bde67825e9facd5ae831a1e5 66ed56ff57956af36a51dfa0670db79f8d20e1d5ae4dfca74af1c48fb9491a7b
CLIENT_HANDSHAKE_TRAFFIC_SECRET 8dcdf4eb40c80df55af9e72b5093fe23fe3e27fede9cdc3568b5d85a03f84ba8 f126faac375defb97883f1fb1137601e87c1952d2dedc58a585a1129ab4b3685
SERVER_HANDSHAKE_TRAFFIC_SECRET 8dcdf4eb40c80df55af9e72b5093fe23fe3e27fede9cdc3568b5d85a03f84ba8 61be6f07e5fab143e606b5ceacbb1a8c3258f0b9284bf656ab8d2b3907bcb403
CLIENT_TRAFFIC_SECRET_0 8dcdf4eb40c80df55af9e72b5093fe23fe3e27fede9cdc3568b5d85a03f84ba8 e41370c75dd2301840917466eaed8c2388ce592f0f48d9201515a0f838422d5e
SERVER_TRAFFIC_SECRET_0 8dcdf4eb40c80df55af9e72b5093fe23fe3e27fede9cdc3568b5d85a03f84ba8 7688d1ed50a03eff530d3ecfcbf762ba9dfe28c8bbea1d3801081f07de4280df
EXPORTER_SECRET 8dcdf4eb40c80df55af9e72b5093fe23fe3e27fede9cdc3568b5d85a03f84ba8 489bf47dde570d455c0e492705ed4e492c67b60bc9e9526735ed134836399019
CLIENT_HANDSHAKE_TRAFFIC_SECRET 214e7a304f3e61a062848bdf70e3c30f9048a5fc027cc56689e585406ed0c35b 1e46d5d647905eeaa38991bc2c0fa602b6e9e8ca14bafce0042e9e753395b0b6
SERVER_HANDSHAKE_TRAFFIC_SECRET 214e7a304f3e61a062848bdf70e3c30f9048a5fc027cc56689e585406ed0c35b 38ce8cc2c4b08ab483da64e8fb6764183f0ecf7596078762e326d2ad8a7d1f81
CLIENT_TRAFFIC_SECRET_0 214e7a304f3e61a062848bdf70e3c30f9048a5fc027cc56689e585406ed0c35b eb9449ec8502665ba0eb94491006dd60662ceb414833310df55943495c7f3e83
SERVER_TRAFFIC_SECRET_0 214e7a304f3e61a062848bdf70e3c30f9048a5fc027cc56689e585406ed0c35b c476de3fdd478d862bc0587fda6551b2d14fdfdf847914abc9c594893df73edc
EXPORTER_SECRET 214e7a304f3e61a062848bdf70e3c30f9048a5fc027cc56689e585406ed0c35b 2e345a0ca5ed659b1668ad9086cc67c9c2e75bd31483dce092868c88547a4187
CLIENT_HANDSHAKE_TRAFFIC_SECRET 477e9930b3e26c78d3f15909762090589793491dd611f682c5e18c865a823b55 305588b065b8f689d151b3b8e4ddc4f72da2594fadb3c7f2d81cc42512b23c89
SERVER_HANDSHAKE_TRAFFIC_SECRET 477e9930b3e26c78d3f15909762090589793491dd611f682c5e18c865a823b55 a3377dc1b159fbad69a096131ba3f63534f235999bc55079e1dd135b016c9777
CLIENT_HANDSHAKE_TRAFFIC_SECRET 42e8038f74d7e0b5678f29d33287ac6fe09197736529ca354824ae0d2e46dab0 3d26c4b6cb80484d5fe01fb4cabf0e97e46e8a10df2d4f25f2247624c5c7d813
SERVER_HANDSHAKE_TRAFFIC_SECRET 42e8038f74d7e0b5678f29d33287ac6fe09197736529ca354824ae0d2e46dab0 8dbe0e24920d9afd12087c44061e93d0ae6f95580c94f62a484949961e0544a2
CLIENT_TRAFFIC_SECRET_0 477e9930b3e26c78d3f15909762090589793491dd611f682c5e18c865a823b55 f62c8fd9028a3a11e0f6d06d43f3fc9ad758c56787f54f3936934e2e30049a35
SERVER_TRAFFIC_SECRET_0 477e9930b3e26c78d3f15909762090589793491dd611f682c5e18c865a823b55 843409fa2be17f0a0c0dfe144279b1fb549c5de98dd0b69427992082d1aec819
EXPORTER_SECRET 477e9930b3e26c78d3f15909762090589793491dd611f682c5e18c865a823b55 54f166eaf5dceae94774c5be56b5e6fa7d7c40d278a68473aa502b68bbe1bc66
CLIENT_TRAFFIC_SECRET_0 42e8038f74d7e0b5678f29d33287ac6fe09197736529ca354824ae0d2e46dab0 9ce0efcaabef6a36f9bcdafc06342f0f94a515b339010582f28feb1435ee08ae
SERVER_TRAFFIC_SECRET_0 42e8038f74d7e0b5678f29d33287ac6fe09197736529ca354824ae0d2e46dab0 547e8b89051f50ac10f86b89591eaada24e100257413bc6f4f5471a4d9cf05a2
EXPORTER_SECRET 42e8038f74d7e0b5678f29d33287ac6fe09197736529ca354824ae0d2e46dab0 d4f1d1064e4242859221d8ac963537ff4a8ebf43803ee618d32fa8b90243fd2a
CLIENT_HANDSHAKE_TRAFFIC_SECRET f169ca567d21ffb0ac8cd46dfe1c2addb1ed0b21e7e9f0ae5f0606236328f913 05874cc80dfcb89d55cc51da78852cfbe4462b49f95fef9634fd95a92c4469fe
SERVER_HANDSHAKE_TRAFFIC_SECRET f169ca567d21ffb0ac8cd46dfe1c2addb1ed0b21e7e9f0ae5f0606236328f913 65b88fe657ae4b5067955f3391ac5584f9f4f63d1593c1637ed14e2462cf98d5
CLIENT_TRAFFIC_SECRET_0 f169ca567d21ffb0ac8cd46dfe1c2addb1ed0b21e7e9f0ae5f0606236328f913 5834fca67a676d84332459e0665fb6fb1ad5ec83c8b80674e846c78c08c3e0b0
SERVER_TRAFFIC_SECRET_0 f169ca567d21ffb0ac8cd46dfe1c2addb1ed0b21e7e9f0ae5f0606236328f913 7aae19ffec223ffa833b6724d57fc18337bd1d1f8986c0f6833c12e1aabaae5e
EXPORTER_SECRET f169ca567d21ffb0ac8cd46dfe1c2addb1ed0b21e7e9f0ae5f0606236328f913 fedecf0cde560214e91ca25a52a19c2d452fe7a6413145a5e44ddfefae86d1c3
CLIENT_HANDSHAKE_TRAFFIC_SECRET b5b8920c92526e302e757a14f5f74a0abce62991ee8870de568b30c7eda2a7e1 d1ac17997fde8ab3ebd5e41fbc210a325852a6f24e7ddbffc7679c6344c08655
SERVER_HANDSHAKE_TRAFFIC_SECRET b5b8920c92526e302e757a14f5f74a0abce62991ee8870de568b30c7eda2a7e1 3ce366d50b677cacffbecfe7baca1d4adee7ebea05129b108f8e765082e214ef
CLIENT_TRAFFIC_SECRET_0 b5b8920c92526e302e757a14f5f74a0abce62991ee8870de568b30c7eda2a7e1 453b63f5c89fe727dae58e6835aba4f63f86537bbbaeb608d3d1c8e3ed70e88e
SERVER_TRAFFIC_SECRET_0 b5b8920c92526e302e757a14f5f74a0abce62991ee8870de568b30c7eda2a7e1 9e2cfcb603bf7fbaf8cc338777b3e5c9d70d145eef48598c6c64cb3fabc6054f
EXPORTER_SECRET b5b8920c92526e302e757a14f5f74a0abce62991ee8870de568b30c7eda2a7e1 58930f202bdb16a8e2309142618ae0cd7cc3934fff075d9823fa2cde221ef3cf
CLIENT_HANDSHAKE_TRAFFIC_SECRET 5ca4ee479033cb42ee15b21c102bfea5f6503e7241f7dc561d0ce62c07544147 2764372ea9e7b9effc297df077e3479aa8d83c923f31c47a67d1d1ea5c582e90
SERVER_HANDSHAKE_TRAFFIC_SECRET 5ca4ee479033cb42ee15b21c102bfea5f6503e7241f7dc561d0ce62c07544147 389d7e20712cb876f3378a313fd9e2c642ece83a12d3433bd1f2d9eb9a5c176c
CLIENT_TRAFFIC_SECRET_0 5ca4ee479033cb42ee15b21c102bfea5f6503e7241f7dc561d0ce62c07544147 b82c3e48400dad78a7d881f70631a0044eae47a246331b9120eaa86e0568b7b5
SERVER_TRAFFIC_SECRET_0 5ca4ee479033cb42ee15b21c102bfea5f6503e7241f7dc561d0ce62c07544147 84d5f5112146c7a7f7a4fe3e384bb5b97368f5bae5aa0380457fd91d063f0fe1
EXPORTER_SECRET 5ca4ee479033cb42ee15b21c102bfea5f6503e7241f7dc561d0ce62c07544147 235ac01b30ee22b06dca6c7dc7013e40007483f0284929981b07839cc4d477fe
CLIENT_HANDSHAKE_TRAFFIC_SECRET afec47e16780f8c88583536017ca8daab6a92c4470de008fce8881d52acd0c82 493601fa006ebf88859a026533c465e23bc751090610d25951e7741125d8d513
SERVER_HANDSHAKE_TRAFFIC_SECRET afec47e16780f8c88583536017ca8daab6a92c4470de008fce8881d52acd0c82 de986d794797aac5b8185db04b001d31b4b96b822d3b7e1956ee11d928442225
CLIENT_TRAFFIC_SECRET_0 afec47e16780f8c88583536017ca8daab6a92c4470de008fce8881d52acd0c82 ef9cc60ac17f2842434f686c6e5231a7ec557151656aff94b7a8fac6d3791831
SERVER_TRAFFIC_SECRET_0 afec47e16780f8c88583536017ca8daab6a92c4470de008fce8881d52acd0c82 c6b6c73242edd273aed22ae3a098ec325a77f414f9e461e22f86eb8325aaf3ae
EXPORTER_SECRET afec47e16780f8c88583536017ca8daab6a92c4470de008fce8881d52acd0c82 3010f0ec8f3f81c62bdaf997d8529b8efc9787a5c3dcd6b6c37a85085bba7658
CLIENT_HANDSHAKE_TRAFFIC_SECRET 84596da5ea8dd88d565876d4899b8a38df40e6433a84f876bd98a4a95566da4c 298ed5590bf304c8ce4b0e6cdfc3ef16600b5d347e44d645f63e974c1011fa52
SERVER_HANDSHAKE_TRAFFIC_SECRET 84596da5ea8dd88d565876d4899b8a38df40e6433a84f876bd98a4a95566da4c 357d11c23fcfccab6651987c665330e4eaa99b87c207b0b25ccf2c4c30c7dd13
CLIENT_TRAFFIC_SECRET_0 84596da5ea8dd88d565876d4899b8a38df40e6433a84f876bd98a4a95566da4c 95f94d97b9c2be0ad3541710f2f8c72d72b02b1aff7afc91ae3f29e3d45d9946
SERVER_TRAFFIC_SECRET_0 84596da5ea8dd88d565876d4899b8a38df40e6433a84f876bd98a4a95566da4c 60ddedd15d08e9aded4b432c85181cfa2957ab01ff3599121779f3831fe526b9
EXPORTER_SECRET 84596da5ea8dd88d565876d4899b8a38df40e6433a84f876bd98a4a95566da4c 10c9e27beac451953e765cff0c59b7cecef852bbfc72f1bd09bccf0c14f465cc
CLIENT_HANDSHAKE_TRAFFIC_SECRET 8e499509b521d8a14065c3acf963bf5d2921296c792a21039abf33c9da2d469c 2fe4bf29411c08d9b7ad11096392c40d78607b509e7e50df86085a0a51f0eaea
SERVER_HANDSHAKE_TRAFFIC_SECRET 8e499509b521d8a14065c3acf963bf5d2921296c792a21039abf33c9da2d469c c5c0181cf6628c980739171c1135725c031b8e16d44398525f2319cf0c6ac6b9
CLIENT_HANDSHAKE_TRAFFIC_SECRET 6e671e83af90a2de2e1d621d98c39251af9bfbaa0ae9d11204118b7f9ddc70bf d41ba4d3cb7b81850d4cc5b26064edbfbbe5f81b7bedbebf6e145e413d8ab554
SERVER_HANDSHAKE_TRAFFIC_SECRET 6e671e83af90a2de2e1d621d98c39251af9bfbaa0ae9d11204118b7f9ddc70bf a0ae14801c239be81670bf0fcac36ab69907df5cdcd0bc5c1c847c562a6aa43f
CLIENT_TRAFFIC_SECRET_0 6e671e83af90a2de2e1d621d98c39251af9bfbaa0ae9d11204118b7f9ddc70bf 3df9e72050a525986b5ea0e10fad5f4131058363407f492f69627409a642bfa8
SERVER_TRAFFIC_SECRET_0 6e671e83af90a2de2e1d621d98c39251af9bfbaa0ae9d11204118b7f9ddc70bf 5827c849439bcc503302b9587c3328e350d315ede9d02b3c6c7c48748438b5e1
EXPORTER_SECRET 6e671e83af90a2de2e1d621d98c39251af9bfbaa0ae9d11204118b7f9ddc70bf e8e6253d6ba170f37a52fde43248eceeff36254ceadf11e969e477d2eded2b69
CLIENT_TRAFFIC_SECRET_0 8e499509b521d8a14065c3acf963bf5d2921296c792a21039abf33c9da2d469c 55e2410725cf6954c7f9ee1cdd6d6f38b83d713d0124cbf50bb84a2a85179e04
SERVER_TRAFFIC_SECRET_0 8e499509b521d8a14065c3acf963bf5d2921296c792a21039abf33c9da2d469c 2c2cfaef13aed3952bb0219132aa1a5309e5ceb609ba3569a1e4c5ad6ab3480c
EXPORTER_SECRET 8e499509b521d8a14065c3acf963bf5d2921296c792a21039abf33c9da2d469c 3de6dd93f0785eae2138576d84b15f7ff5b1693a4f7bb9dc0361e42d30603835
CLIENT_HANDSHAKE_TRAFFIC_SECRET 76ba252ba2baf11f1eab2ebe21efb93f3299f7062691ab21dc81959ee3c156a1 aa2183ecafd2cfa2d91b399ed818912e976501cfdc3eda70f00cf9d8fa4a4207
SERVER_HANDSHAKE_TRAFFIC_SECRET 76ba252ba2baf11f1eab2ebe21efb93f3299f7062691ab21dc81959ee3c156a1 4cb12366348890e32f6b485d0e4a1c1cbd382682a1e51c61ea81837ec83c69e1
CLIENT_TRAFFIC_SECRET_0 76ba252ba2baf11f1eab2ebe21efb93f3299f7062691ab21dc81959ee3c156a1 b036c10df4dc2f040a55a11069a1159a8edcd6997f256646a09d6589856f9589
SERVER_TRAFFIC_SECRET_0 76ba252ba2baf11f1eab2ebe21efb93f3299f7062691ab21dc81959ee3c156a1 387dea077147f04ec6826097e2432447bfcfbc328caa3f0a5fd0c8426a35ea06
EXPORTER_SECRET 76ba252ba2baf11f1eab2ebe21efb93f3299f7062691ab21dc81959ee3c156a1 5bff1976435f21a8f4d5575f1c31c67eeda2c783018c6532ebeb79333aef87d1
CLIENT_HANDSHAKE_TRAFFIC_SECRET eedc0c8554a7abc00a46824a6f9b15dd605b3b79a3e120c8dc22ab5c467f1de6 78c8dd72ccd946ba7c8d0163ec1f2e0ed8f01e3374269f9d44aafd1385b93df2
SERVER_HANDSHAKE_TRAFFIC_SECRET eedc0c8554a7abc00a46824a6f9b15dd605b3b79a3e120c8dc22ab5c467f1de6 9275bf373702cb6c24672f0eaee4c217bbe799712b4a6854e0767376a319a18d
CLIENT_TRAFFIC_SECRET_0 eedc0c8554a7abc00a46824a6f9b15dd605b3b79a3e120c8dc22ab5c467f1de6 c38467b870b940a168c902f342f4c7c68a44516fde340a8b81d10b662c7f07f0
SERVER_TRAFFIC_SECRET_0 eedc0c8554a7abc00a46824a6f9b15dd605b3b79a3e120c8dc22ab5c467f1de6 9cee5887816ec22dacb77e117b4d4643346709910a926e847bab69981a6ec955
EXPORTER_SECRET eedc0c8554a7abc00a46824a6f9b15dd605b3b79a3e120c8dc22ab5c467f1de6 f71886849625bebfac531d8a1997e91c5a79a604b4fe0cab70fef4cfe5ffc8e7
CLIENT_HANDSHAKE_TRAFFIC_SECRET 30b6b871a76c8bdee0e3948b8dcce93b2ec166ec120185817bb489bd3635a82a 1c39bb458800240391f96c1a42d9e87ba3727149bc0545c4a7f33154ef7888df
SERVER_HANDSHAKE_TRAFFIC_SECRET 30b6b871a76c8bdee0e3948b8dcce93b2ec166ec120185817bb489bd3635a82a c31ea29f0fdde751d821c8b46133ae352f0424e936c97048da21d84cbd0c611a
CLIENT_TRAFFIC_SECRET_0 30b6b871a76c8bdee0e3948b8dcce93b2ec166ec120185817bb489bd3635a82a 3c3ed4e2bbb6047525ca27d70c10070858a17ebd680e61ff000c2409ad9ba608
SERVER_TRAFFIC_SECRET_0 30b6b871a76c8bdee0e3948b8dcce93b2ec166ec120185817bb489bd3635a82a 0e79c1e8834e10afd669d6911fe3bb2a5675fe079c282698df80813e9bfcbeaf
EXPORTER_SECRET 30b6b871a76c8bdee0e3948b8dcce93b2ec166ec120185817bb489bd3635a82a 9841019305097524b23a9f1856cdee4894ff4ad8b04aa4435c07e6d8b404b7db
CLIENT_HANDSHAKE_TRAFFIC_SECRET 6d6c241b3d560ba11c4bfd36a63c11d694106d0bf5fce8e0dc13629661afc73f 581519788f4702278bdec99e65695ebfaec6fa64f277989fbb1cd26a5be24396
SERVER_HANDSHAKE_TRAFFIC_SECRET 6d6c241b3d560ba11c4bfd36a63c11d694106d0bf5fce8e0dc13629661afc73f 060efadd7fb4f1cf2df2d6470dae94a2e17c14daebe6eaece9dd6f3ac03788a4
CLIENT_TRAFFIC_SECRET_0 6d6c241b3d560ba11c4bfd36a63c11d694106d0bf5fce8e0dc13629661afc73f f585392348712a0dcdb82837c44090929573c478283f0408c05a7383a057a31c
SERVER_TRAFFIC_SECRET_0 6d6c241b3d560ba11c4bfd36a63c11d694106d0bf5fce8e0dc13629661afc73f f2a69be88225539db15b2d3bc9f1d62a33f31fb01f75e3297cfb56e8f6628dd8
EXPORTER_SECRET 6d6c241b3d560ba11c4bfd36a63c11d694106d0bf5fce8e0dc13629661afc73f f3ffbcbe32888f989ef4fb43b6bab002f41fac13e81b095c5dae0d91d7285cdb
CLIENT_HANDSHAKE_TRAFFIC_SECRET 50c8c86784f20d30d9408e1fbc14c529beca45f91bebdf2e0012c87a80d4f056 45c7541669c1c77db1e430da3a2512ed7252468544c2a8a58d71a34e707f4853
SERVER_HANDSHAKE_TRAFFIC_SECRET 50c8c86784f20d30d9408e1fbc14c529beca45f91bebdf2e0012c87a80d4f056 fdae0a4264c240d4375c99e8478189fe659507be435b51b07aa79e837677f56e
CLIENT_TRAFFIC_SECRET_0 50c8c86784f20d30d9408e1fbc14c529beca45f91bebdf2e0012c87a80d4f056 5de0bd09567c4f4a1d9e5eea2399a427a36d5334bd550c5f1382d3712ceca0db
SERVER_TRAFFIC_SECRET_0 50c8c86784f20d30d9408e1fbc14c529beca45f91bebdf2e0012c87a80d4f056 d2432ea9151e4667a0a6c42198d6192118f6070741b3e66baf91e76d18e7e6f7
EXPORTER_SECRET 50c8c86784f20d30d9408e1fbc14c529beca45f91bebdf2e0012c87a80d4f056 2b6a722d90b0d3989904894d85e0967553b177d983a4e627bb168d90ae7a6d0e
CLIENT_HANDSHAKE_TRAFFIC_SECRET c1ee219c65371d3bdd27154bb2c5f6e3523cedcf6946590d651d5e6ee5a85a98 0f95f1269b867ad4e0a224499cf883c3e1b57e1bf00e11ae12e21ff5807abcd2
SERVER_HANDSHAKE_TRAFFIC_SECRET c1ee219c65371d3bdd27154bb2c5f6e3523cedcf6946590d651d5e6ee5a85a98 41eb4a2ea10519211ace2648eb1b865bae438b8b8ef233b11cd6f26583a03eee
CLIENT_TRAFFIC_SECRET_0 c1ee219c65371d3bdd27154bb2c5f6e3523cedcf6946590d651d5e6ee5a85a98 48cb1078e42c84d550e220efca3a5e925221c326d693a46cc808d43e3c859865
SERVER_TRAFFIC_SECRET_0 c1ee219c65371d3bdd27154bb2c5f6e3523cedcf6946590d651d5e6ee5a85a98 fae8303c72a7e625958552c758248f0ecae201662f1fab73ce6dd8728c050f09
EXPORTER_SECRET c1ee219c65371d3bdd27154bb2c5f6e3523cedcf6946590d651d5e6ee5a85a98 f3bdf118aa44cac095a346c7a4e1089ab6bf113117b5f8370b9aa658c047c06f
CLIENT_HANDSHAKE_TRAFFIC_SECRET 2b5b6179c79ff56cf1a1b54796489234c0b2771da23b608cd3eb2d36e8610a88 756947a811154540946013b6e1c4edff3a2545b751d2e253847b276825d8a26a
SERVER_HANDSHAKE_TRAFFIC_SECRET 2b5b6179c79ff56cf1a1b54796489234c0b2771da23b608cd3eb2d36e8610a88 76aecb831a8d02814e9f7e3f4efc80038a480c4555882439bcd7aa733e717e78
CLIENT_TRAFFIC_SECRET_0 2b5b6179c79ff56cf1a1b54796489234c0b2771da23b608cd3eb2d36e8610a88 9c2128b6326cdda40904f7dc1ef5389a93bdb4a39c04f86cc3cc6894a8f20656
SERVER_TRAFFIC_SECRET_0 2b5b6179c79ff56cf1a1b54796489234c0b2771da23b608cd3eb2d36e8610a88 776d7a65c51debe49066db4e3883ccc13df940ec6f57c4859f1109f45d67abbf
EXPORTER_SECRET 2b5b6179c79ff56cf1a1b54796489234c0b2771da23b608cd3eb2d36e8610a88 3b4d92cd1ac944a2bfdc4896613748e62f777fb35abb83af560662054014d3d8
CLIENT_HANDSHAKE_TRAFFIC_SECRET 75ebb25f7cfd552a33e410d6819f439f4e493c18fb73f045b03176a694756f2f 115d134c06c4f9f6df22c122eeb7f7fcd519574cdf8294c44bcbd311d0d3b29e
SERVER_HANDSHAKE_TRAFFIC_SECRET 75ebb25f7cfd552a33e410d6819f439f4e493c18fb73f045b03176a694756f2f 9f5a8e056bd96ea93860ec20ac64f104a5ab3882cd9f9ddef64138df183c61cd
CLIENT_TRAFFIC_SECRET_0 75ebb25f7cfd552a33e410d6819f439f4e493c18fb73f045b03176a694756f2f 07ce06172d85add950cbadbe8c15eab201176d215a87c1a454bd36cd9f263abe
SERVER_TRAFFIC_SECRET_0 75ebb25f7cfd552a33e410d6819f439f4e493c18fb73f045b03176a694756f2f d18fadc848064ac46f8e32399b41ce341654ea668c5a2362ba759bde7655d79f
EXPORTER_SECRET 75ebb25f7cfd552a33e410d6819f439f4e493c18fb73f045b03176a694756f2f 518acb5d3582d550f7bee46e4a0c650f90a1fbf594cc14d9cd8c1e3c3e9fb814
CLIENT_HANDSHAKE_TRAFFIC_SECRET 5fcad6c56ef2d3065e851dd3e90a3f8f0dc5f2f4bbb3ad40d9b8066c7c87308a 9e26d4aa0070f59a7484ff1496ab21c0dd4cc84d7dd1f0049578abd8ee463ff2
SERVER_HANDSHAKE_TRAFFIC_SECRET 5fcad6c56ef2d3065e851dd3e90a3f8f0dc5f2f4bbb3ad40d9b8066c7c87308a 1bfc53faea86e05f87e6e0538990425c3d0018c1e468457c1491f7a81fa7c65e
CLIENT_TRAFFIC_SECRET_0 5fcad6c56ef2d3065e851dd3e90a3f8f0dc5f2f4bbb3ad40d9b8066c7c87308a 62af2a5c87652be40851a918b26cab313c850b3f9bca0583dea6bac796ab5bef
SERVER_TRAFFIC_SECRET_0 5fcad6c56ef2d3065e851dd3e90a3f8f0dc5f2f4bbb3ad40d9b8066c7c87308a 03125e775b265ba4f30d93bc90efddb9598096f27cfdc5cea753c6f67b672598
EXPORTER_SECRET 5fcad6c56ef2d3065e851dd3e90a3f8f0dc5f2f4bbb3ad40d9b8066c7c87308a bf534175069065c6cb5b1d4c7c6e029a4f92b19ad191cbd9f17e4846e0476c7f
CLIENT_HANDSHAKE_TRAFFIC_SECRET b1d7f27bcef538f9b49b118f42c82f3ae63ddac91309739040a05ed90fa229a9 0622806816d505a7c1bd048347da6eedd3ee53a8b76c3462271e65d9f7aa927c
SERVER_HANDSHAKE_TRAFFIC_SECRET b1d7f27bcef538f9b49b118f42c82f3ae63ddac91309739040a05ed90fa229a9 b7f4067a0374a4845997cbb6a26560726a2dbe0de622fbaab0b28694eaa3ec54
CLIENT_TRAFFIC_SECRET_0 b1d7f27bcef538f9b49b118f42c82f3ae63ddac91309739040a05ed90fa229a9 90aae9bee3a40b756ec01b41428952aeb8346fd33d8ef6090f5a09e1cfb92cbe
SERVER_TRAFFIC_SECRET_0 b1d7f27bcef538f9b49b118f42c82f3ae63ddac91309739040a05ed90fa229a9 374b6eda43014a626cdf670f37ea130b5a3792bc6ae0e28368ffd11b60e9395d
EXPORTER_SECRET b1d7f27bcef538f9b49b118f42c82f3ae63ddac91309739040a05ed90fa229a9 abbd2ba7bc3f982e6defe5f8c1da4fe0281bfffe53e6fed4f8cddeabc796f720
CLIENT_HANDSHAKE_TRAFFIC_SECRET 4a309b0a30bc15940b0d15b100868609535a045a28d87a49eef5d09ba536e82f c47bcc22a79fa5152d733223a020be10adfb77b343765c75693338e80c002a2d
SERVER_HANDSHAKE_TRAFFIC_SECRET 4a309b0a30bc15940b0d15b100868609535a045a28d87a49eef5d09ba536e82f 33a55ddcd4d6903bf67bc86dd19314f0236912d91ac5b61763de9a49adda7ef2
CLIENT_TRAFFIC_SECRET_0 4a309b0a30bc15940b0d15b100868609535a045a28d87a49eef5d09ba536e82f 33f604faff99d8f4d830eb151a3f5b9e520b9d4a5bfb0007e0513cd09b826c7e
SERVER_TRAFFIC_SECRET_0 4a309b0a30bc15940b0d15b100868609535a045a28d87a49eef5d09ba536e82f 2fb24980699f3ad4c3d33f550b3e0a7ed317915bbac2076b558dca28ecb0396f
EXPORTER_SECRET 4a309b0a30bc15940b0d15b100868609535a045a28d87a49eef5d09ba536e82f 23fefeacaaa1beb5064655b622b2d131eef6a87b188c2f0e6fe9e451ee7c3165
CLIENT_HANDSHAKE_TRAFFIC_SECRET bb7364b19f29a0612ac854e95ce1dc227133e53d888fe62a6204a8282aac2cbe deba3fe34adf172807f267082c42fe1134dd902f71e50e3e3edb7d0c277ff560
SERVER_HANDSHAKE_TRAFFIC_SECRET bb7364b19f29a0612ac854e95ce1dc227133e53d888fe62a6204a8282aac2cbe f7c590d690cf43fc4d1d4ede26d848ac7472eb514c01ed1a1573e7a1308fbfd2
CLIENT_TRAFFIC_SECRET_0 bb7364b19f29a0612ac854e95ce1dc227133e53d888fe62a6204a8282aac2cbe 5c41526d447e895793e22809cf0b4e96aae1bf616692aa911926a7bb24cb743c
SERVER_TRAFFIC_SECRET_0 bb7364b19f29a0612ac854e95ce1dc227133e53d888fe62a6204a8282aac2cbe 18161c7980c51a34cd4c71376ad35215c1d9c3af7340831413e2ede081f961b6
EXPORTER_SECRET bb7364b19f29a0612ac854e95ce1dc227133e53d888fe62a6204a8282aac2cbe fa565c30aa3856db61cae8ae464efc0ab8bfce76d7ed3ed712e531ea54e7f169
